[INFO] Error stacktraces are turned on.
[INFO] Scanning for projects...
[INFO] 
[INFO] -----------------------< com.example:SpringApi >------------------------
[INFO] Building SpringApi 0.0.1-SNAPSHOT
[INFO]   from pom.xml
[INFO] --------------------------------[ jar ]---------------------------------
[INFO] 
[INFO] >>> spring-boot:3.2.2:run (default-cli) > test-compile @ SpringApi >>>
[WARNING] The artifact org.hibernate:hibernate-core:jar:6.4.2.Final has been relocated to org.hibernate.orm:hibernate-core:jar:6.4.2.Final
[INFO] 
[INFO] --- resources:3.3.1:resources (default-resources) @ SpringApi ---
[INFO] Copying 5 resources from src/main/resources to target/classes
[INFO] Copying 2 resources from src/main/resources to target/classes
[INFO] 
[INFO] --- compiler:3.8.1:compile (default-compile) @ SpringApi ---
[INFO] Nothing to compile - all classes are up to date
[INFO] 
[INFO] --- resources:3.3.1:testResources (default-testResources) @ SpringApi ---
[INFO] skip non existing resourceDirectory /Users/nahushraichura/Documents/Ultimate Company Repositories/Spring-Api/SpringApi/src/test/resources
[INFO] 
[INFO] --- compiler:3.8.1:testCompile (default-testCompile) @ SpringApi ---
[INFO] Nothing to compile - all classes are up to date
[INFO] 
[INFO] <<< spring-boot:3.2.2:run (default-cli) < test-compile @ SpringApi <<<
[INFO] 
[INFO] 
[INFO] --- spring-boot:3.2.2:run (default-cli) @ SpringApi ---
[INFO] Attaching agents: []

  .   ____          _            __ _ _
 /\\ / ___'_ __ _ _(_)_ __  __ _ \ \ \ \
( ( )\___ | '_ | '_| | '_ \/ _` | \ \ \ \
 \\/  ___)| |_)| | | | | || (_| |  ) ) ) )
  '  |____| .__|_| |_|_| |_\__, | / / / /
 =========|_|==============|___/=/_/_/_/
 :: Spring Boot ::                (v3.2.2)

2025-11-29T04:16:11.938-05:00  INFO 87600 --- [           main] c.e.SpringApi.SpringApiApplication       : Starting SpringApiApplication using Java 21.0.8 with PID 87600 (/Users/nahushraichura/Documents/Ultimate Company Repositories/Spring-Api/SpringApi/target/classes started by nahushraichura in /Users/nahushraichura/Documents/Ultimate Company Repositories/Spring-Api/SpringApi)
2025-11-29T04:16:11.940-05:00  INFO 87600 --- [           main] c.e.SpringApi.SpringApiApplication       : The following 1 profile is active: "localhost"
2025-11-29T04:16:12.511-05:00  INFO 87600 --- [           main] .s.d.r.c.RepositoryConfigurationDelegate : Bootstrapping Spring Data JPA repositories in DEFAULT mode.
2025-11-29T04:16:12.593-05:00  INFO 87600 --- [           main] .s.d.r.c.RepositoryConfigurationDelegate : Finished Spring Data repository scanning in 78 ms. Found 29 JPA repository interfaces.
2025-11-29T04:16:13.421-05:00  INFO 87600 --- [           main] o.s.b.w.embedded.tomcat.TomcatWebServer  : Tomcat initialized with port 4433 (http)
2025-11-29T04:16:13.430-05:00  INFO 87600 --- [           main] o.apache.catalina.core.StandardService   : Starting service [Tomcat]
2025-11-29T04:16:13.430-05:00  INFO 87600 --- [           main] o.apache.catalina.core.StandardEngine    : Starting Servlet engine: [Apache Tomcat/10.1.18]
2025-11-29T04:16:13.480-05:00  INFO 87600 --- [           main] o.a.c.c.C.[Tomcat].[localhost].[/]       : Initializing Spring embedded WebApplicationContext
2025-11-29T04:16:13.481-05:00  INFO 87600 --- [           main] w.s.c.ServletWebServerApplicationContext : Root WebApplicationContext: initialization completed in 1479 ms
2025-11-29T04:16:13.520-05:00 DEBUG 87600 --- [           main] com.zaxxer.hikari.HikariConfig           : Driver class com.mysql.cj.jdbc.Driver found in Thread context class loader TomcatEmbeddedWebappClassLoader
  context: ROOT
  delegate: true
----------> Parent Classloader:
jdk.internal.loader.ClassLoaders$AppClassLoader@2c854dc5

2025-11-29T04:16:13.552-05:00 DEBUG 87600 --- [           main] j.LocalContainerEntityManagerFactoryBean : Building JPA container EntityManagerFactory for persistence unit 'default'
2025-11-29T04:16:13.560-05:00  INFO 87600 --- [           main] o.hibernate.jpa.internal.util.LogHelper  : HHH000204: Processing PersistenceUnitInfo [name: default]
2025-11-29T04:16:13.582-05:00  INFO 87600 --- [           main] org.hibernate.Version                    : HHH000412: Hibernate ORM core version 6.4.2.Final
2025-11-29T04:16:13.599-05:00  INFO 87600 --- [           main] o.h.c.internal.RegionFactoryInitiator    : HHH000026: Second-level cache disabled
2025-11-29T04:16:13.625-05:00 DEBUG 87600 --- [           main] org.hibernate.type.BasicTypeRegistry     : Adding type registration boolean -> org.hibernate.type.BasicTypeReference@6a8a551e
2025-11-29T04:16:13.625-05:00 DEBUG 87600 --- [           main] org.hibernate.type.BasicTypeRegistry     : Adding type registration boolean -> org.hibernate.type.BasicTypeReference@6a8a551e
2025-11-29T04:16:13.625-05:00 DEBUG 87600 --- [           main] org.hibernate.type.BasicTypeRegistry     : Adding type registration java.lang.Boolean -> org.hibernate.type.BasicTypeReference@6a8a551e
2025-11-29T04:16:13.625-05:00 DEBUG 87600 --- [           main] org.hibernate.type.BasicTypeRegistry     : Adding type registration numeric_boolean -> org.hibernate.type.BasicTypeReference@3cc9632d
2025-11-29T04:16:13.625-05:00 DEBUG 87600 --- [           main] org.hibernate.type.BasicTypeRegistry     : Adding type registration org.hibernate.type.NumericBooleanConverter -> org.hibernate.type.BasicTypeReference@3cc9632d
2025-11-29T04:16:13.625-05:00 DEBUG 87600 --- [           main] org.hibernate.type.BasicTypeRegistry     : Adding type registration true_false -> org.hibernate.type.BasicTypeReference@53982523
2025-11-29T04:16:13.625-05:00 DEBUG 87600 --- [           main] org.hibernate.type.BasicTypeRegistry     : Adding type registration org.hibernate.type.TrueFalseConverter -> org.hibernate.type.BasicTypeReference@53982523
2025-11-29T04:16:13.627-05:00 DEBUG 87600 --- [           main] org.hibernate.type.BasicTypeRegistry     : Adding type registration yes_no -> org.hibernate.type.BasicTypeReference@489110c2
2025-11-29T04:16:13.627-05:00 DEBUG 87600 --- [           main] org.hibernate.type.BasicTypeRegistry     : Adding type registration org.hibernate.type.YesNoConverter -> org.hibernate.type.BasicTypeReference@489110c2
2025-11-29T04:16:13.627-05:00 DEBUG 87600 --- [           main] org.hibernate.type.BasicTypeRegistry     : Adding type registration byte -> org.hibernate.type.BasicTypeReference@700b9e6b
2025-11-29T04:16:13.627-05:00 DEBUG 87600 --- [           main] org.hibernate.type.BasicTypeRegistry     : Adding type registration byte -> org.hibernate.type.BasicTypeReference@700b9e6b
2025-11-29T04:16:13.628-05:00 DEBUG 87600 --- [           main] org.hibernate.type.BasicTypeRegistry     : Adding type registration java.lang.Byte -> org.hibernate.type.BasicTypeReference@700b9e6b
2025-11-29T04:16:13.628-05:00 DEBUG 87600 --- [           main] org.hibernate.type.BasicTypeRegistry     : Adding type registration binary -> org.hibernate.type.BasicTypeReference@7ac5b4c
2025-11-29T04:16:13.628-05:00 DEBUG 87600 --- [           main] org.hibernate.type.BasicTypeRegistry     : Adding type registration byte[] -> org.hibernate.type.BasicTypeReference@7ac5b4c
2025-11-29T04:16:13.628-05:00 DEBUG 87600 --- [           main] org.hibernate.type.BasicTypeRegistry     : Adding type registration [B -> org.hibernate.type.BasicTypeReference@7ac5b4c
2025-11-29T04:16:13.628-05:00 DEBUG 87600 --- [           main] org.hibernate.type.BasicTypeRegistry     : Adding type registration binary_wrapper -> org.hibernate.type.BasicTypeReference@150fc7a7
2025-11-29T04:16:13.628-05:00 DEBUG 87600 --- [           main] org.hibernate.type.BasicTypeRegistry     : Adding type registration wrapper-binary -> org.hibernate.type.BasicTypeReference@150fc7a7
2025-11-29T04:16:13.628-05:00 DEBUG 87600 --- [           main] org.hibernate.type.BasicTypeRegistry     : Adding type registration image -> org.hibernate.type.BasicTypeReference@55d8c2c4
2025-11-29T04:16:13.628-05:00 DEBUG 87600 --- [           main] org.hibernate.type.BasicTypeRegistry     : Adding type registration blob -> org.hibernate.type.BasicTypeReference@798cf6d2
2025-11-29T04:16:13.630-05:00 DEBUG 87600 --- [           main] org.hibernate.type.BasicTypeRegistry     : Adding type registration java.sql.Blob -> org.hibernate.type.BasicTypeReference@798cf6d2
2025-11-29T04:16:13.631-05:00 DEBUG 87600 --- [           main] org.hibernate.type.BasicTypeRegistry     : Adding type registration materialized_blob -> org.hibernate.type.BasicTypeReference@1c1fa494
2025-11-29T04:16:13.631-05:00 DEBUG 87600 --- [           main] org.hibernate.type.BasicTypeRegistry     : Adding type registration materialized_blob_wrapper -> org.hibernate.type.BasicTypeReference@77c66a4f
2025-11-29T04:16:13.631-05:00 DEBUG 87600 --- [           main] org.hibernate.type.BasicTypeRegistry     : Adding type registration short -> org.hibernate.type.BasicTypeReference@649b5891
2025-11-29T04:16:13.631-05:00 DEBUG 87600 --- [           main] org.hibernate.type.BasicTypeRegistry     : Adding type registration short -> org.hibernate.type.BasicTypeReference@649b5891
2025-11-29T04:16:13.631-05:00 DEBUG 87600 --- [           main] org.hibernate.type.BasicTypeRegistry     : Adding type registration java.lang.Short -> org.hibernate.type.BasicTypeReference@649b5891
2025-11-29T04:16:13.631-05:00 DEBUG 87600 --- [           main] org.hibernate.type.BasicTypeRegistry     : Adding type registration integer -> org.hibernate.type.BasicTypeReference@7a3f08b6
2025-11-29T04:16:13.631-05:00 DEBUG 87600 --- [           main] org.hibernate.type.BasicTypeRegistry     : Adding type registration int -> org.hibernate.type.BasicTypeReference@7a3f08b6
2025-11-29T04:16:13.631-05:00 DEBUG 87600 --- [           main] org.hibernate.type.BasicTypeRegistry     : Adding type registration java.lang.Integer -> org.hibernate.type.BasicTypeReference@7a3f08b6
2025-11-29T04:16:13.631-05:00 DEBUG 87600 --- [           main] org.hibernate.type.BasicTypeRegistry     : Adding type registration long -> org.hibernate.type.BasicTypeReference@1be52861
2025-11-29T04:16:13.631-05:00 DEBUG 87600 --- [           main] org.hibernate.type.BasicTypeRegistry     : Adding type registration long -> org.hibernate.type.BasicTypeReference@1be52861
2025-11-29T04:16:13.631-05:00 DEBUG 87600 --- [           main] org.hibernate.type.BasicTypeRegistry     : Adding type registration java.lang.Long -> org.hibernate.type.BasicTypeReference@1be52861
2025-11-29T04:16:13.631-05:00 DEBUG 87600 --- [           main] org.hibernate.type.BasicTypeRegistry     : Adding type registration float -> org.hibernate.type.BasicTypeReference@5fb5ad40
2025-11-29T04:16:13.631-05:00 DEBUG 87600 --- [           main] org.hibernate.type.BasicTypeRegistry     : Adding type registration float -> org.hibernate.type.BasicTypeReference@5fb5ad40
2025-11-29T04:16:13.632-05:00 DEBUG 87600 --- [           main] org.hibernate.type.BasicTypeRegistry     : Adding type registration java.lang.Float -> org.hibernate.type.BasicTypeReference@5fb5ad40
2025-11-29T04:16:13.632-05:00 DEBUG 87600 --- [           main] org.hibernate.type.BasicTypeRegistry     : Adding type registration double -> org.hibernate.type.BasicTypeReference@615439f7
2025-11-29T04:16:13.632-05:00 DEBUG 87600 --- [           main] org.hibernate.type.BasicTypeRegistry     : Adding type registration double -> org.hibernate.type.BasicTypeReference@615439f7
2025-11-29T04:16:13.632-05:00 DEBUG 87600 --- [           main] org.hibernate.type.BasicTypeRegistry     : Adding type registration java.lang.Double -> org.hibernate.type.BasicTypeReference@615439f7
2025-11-29T04:16:13.632-05:00 DEBUG 87600 --- [           main] org.hibernate.type.BasicTypeRegistry     : Adding type registration big_integer -> org.hibernate.type.BasicTypeReference@632cf7d3
2025-11-29T04:16:13.632-05:00 DEBUG 87600 --- [           main] org.hibernate.type.BasicTypeRegistry     : Adding type registration java.math.BigInteger -> org.hibernate.type.BasicTypeReference@632cf7d3
2025-11-29T04:16:13.632-05:00 DEBUG 87600 --- [           main] org.hibernate.type.BasicTypeRegistry     : Adding type registration big_decimal -> org.hibernate.type.BasicTypeReference@51b87df7
2025-11-29T04:16:13.632-05:00 DEBUG 87600 --- [           main] org.hibernate.type.BasicTypeRegistry     : Adding type registration java.math.BigDecimal -> org.hibernate.type.BasicTypeReference@51b87df7
2025-11-29T04:16:13.632-05:00 DEBUG 87600 --- [           main] org.hibernate.type.BasicTypeRegistry     : Adding type registration character -> org.hibernate.type.BasicTypeReference@2315052d
2025-11-29T04:16:13.632-05:00 DEBUG 87600 --- [           main] org.hibernate.type.BasicTypeRegistry     : Adding type registration char -> org.hibernate.type.BasicTypeReference@2315052d
2025-11-29T04:16:13.632-05:00 DEBUG 87600 --- [           main] org.hibernate.type.BasicTypeRegistry     : Adding type registration java.lang.Character -> org.hibernate.type.BasicTypeReference@2315052d
2025-11-29T04:16:13.632-05:00 DEBUG 87600 --- [           main] org.hibernate.type.BasicTypeRegistry     : Adding type registration character_nchar -> org.hibernate.type.BasicTypeReference@634e1b39
2025-11-29T04:16:13.632-05:00 DEBUG 87600 --- [           main] org.hibernate.type.BasicTypeRegistry     : Adding type registration string -> org.hibernate.type.BasicTypeReference@67d8faec
2025-11-29T04:16:13.632-05:00 DEBUG 87600 --- [           main] org.hibernate.type.BasicTypeRegistry     : Adding type registration java.lang.String -> org.hibernate.type.BasicTypeReference@67d8faec
2025-11-29T04:16:13.632-05:00 DEBUG 87600 --- [           main] org.hibernate.type.BasicTypeRegistry     : Adding type registration nstring -> org.hibernate.type.BasicTypeReference@751d7425
2025-11-29T04:16:13.632-05:00 DEBUG 87600 --- [           main] org.hibernate.type.BasicTypeRegistry     : Adding type registration characters -> org.hibernate.type.BasicTypeReference@7eaa2bc6
2025-11-29T04:16:13.632-05:00 DEBUG 87600 --- [           main] org.hibernate.type.BasicTypeRegistry     : Adding type registration char[] -> org.hibernate.type.BasicTypeReference@7eaa2bc6
2025-11-29T04:16:13.632-05:00 DEBUG 87600 --- [           main] org.hibernate.type.BasicTypeRegistry     : Adding type registration [C -> org.hibernate.type.BasicTypeReference@7eaa2bc6
2025-11-29T04:16:13.632-05:00 DEBUG 87600 --- [           main] org.hibernate.type.BasicTypeRegistry     : Adding type registration wrapper-characters -> org.hibernate.type.BasicTypeReference@6dae70f9
2025-11-29T04:16:13.632-05:00 DEBUG 87600 --- [           main] org.hibernate.type.BasicTypeRegistry     : Adding type registration text -> org.hibernate.type.BasicTypeReference@4d81e83a
2025-11-29T04:16:13.632-05:00 DEBUG 87600 --- [           main] org.hibernate.type.BasicTypeRegistry     : Adding type registration ntext -> org.hibernate.type.BasicTypeReference@53a301f3
2025-11-29T04:16:13.632-05:00 DEBUG 87600 --- [           main] org.hibernate.type.BasicTypeRegistry     : Adding type registration clob -> org.hibernate.type.BasicTypeReference@7cf8f45a
2025-11-29T04:16:13.632-05:00 DEBUG 87600 --- [           main] org.hibernate.type.BasicTypeRegistry     : Adding type registration java.sql.Clob -> org.hibernate.type.BasicTypeReference@7cf8f45a
2025-11-29T04:16:13.632-05:00 DEBUG 87600 --- [           main] org.hibernate.type.BasicTypeRegistry     : Adding type registration nclob -> org.hibernate.type.BasicTypeReference@62cf6a84
2025-11-29T04:16:13.633-05:00 DEBUG 87600 --- [           main] org.hibernate.type.BasicTypeRegistry     : Adding type registration java.sql.NClob -> org.hibernate.type.BasicTypeReference@62cf6a84
2025-11-29T04:16:13.633-05:00 DEBUG 87600 --- [           main] org.hibernate.type.BasicTypeRegistry     : Adding type registration materialized_clob -> org.hibernate.type.BasicTypeReference@204d9edf
2025-11-29T04:16:13.633-05:00 DEBUG 87600 --- [           main] org.hibernate.type.BasicTypeRegistry     : Adding type registration materialized_clob_char_array -> org.hibernate.type.BasicTypeReference@6b2aafbc
2025-11-29T04:16:13.633-05:00 DEBUG 87600 --- [           main] org.hibernate.type.BasicTypeRegistry     : Adding type registration materialized_clob_character_array -> org.hibernate.type.BasicTypeReference@50cbcca7
2025-11-29T04:16:13.633-05:00 DEBUG 87600 --- [           main] org.hibernate.type.BasicTypeRegistry     : Adding type registration materialized_nclob -> org.hibernate.type.BasicTypeReference@49491770
2025-11-29T04:16:13.633-05:00 DEBUG 87600 --- [           main] org.hibernate.type.BasicTypeRegistry     : Adding type registration materialized_nclob_character_array -> org.hibernate.type.BasicTypeReference@5bec3e0
2025-11-29T04:16:13.633-05:00 DEBUG 87600 --- [           main] org.hibernate.type.BasicTypeRegistry     : Adding type registration materialized_nclob_char_array -> org.hibernate.type.BasicTypeReference@3b57dba4
2025-11-29T04:16:13.633-05:00 DEBUG 87600 --- [           main] org.hibernate.type.BasicTypeRegistry     : Adding type registration Duration -> org.hibernate.type.BasicTypeReference@35f7969d
2025-11-29T04:16:13.633-05:00 DEBUG 87600 --- [           main] org.hibernate.type.BasicTypeRegistry     : Adding type registration java.time.Duration -> org.hibernate.type.BasicTypeReference@35f7969d
2025-11-29T04:16:13.633-05:00 DEBUG 87600 --- [           main] org.hibernate.type.BasicTypeRegistry     : Adding type registration LocalDateTime -> org.hibernate.type.BasicTypeReference@3404e5c4
2025-11-29T04:16:13.633-05:00 DEBUG 87600 --- [           main] org.hibernate.type.BasicTypeRegistry     : Adding type registration java.time.LocalDateTime -> org.hibernate.type.BasicTypeReference@3404e5c4
2025-11-29T04:16:13.633-05:00 DEBUG 87600 --- [           main] org.hibernate.type.BasicTypeRegistry     : Adding type registration LocalDate -> org.hibernate.type.BasicTypeReference@47569167
2025-11-29T04:16:13.633-05:00 DEBUG 87600 --- [           main] org.hibernate.type.BasicTypeRegistry     : Adding type registration java.time.LocalDate -> org.hibernate.type.BasicTypeReference@47569167
2025-11-29T04:16:13.633-05:00 DEBUG 87600 --- [           main] org.hibernate.type.BasicTypeRegistry     : Adding type registration LocalTime -> org.hibernate.type.BasicTypeReference@42d9e8d2
2025-11-29T04:16:13.633-05:00 DEBUG 87600 --- [           main] org.hibernate.type.BasicTypeRegistry     : Adding type registration java.time.LocalTime -> org.hibernate.type.BasicTypeReference@42d9e8d2
2025-11-29T04:16:13.633-05:00 DEBUG 87600 --- [           main] org.hibernate.type.BasicTypeRegistry     : Adding type registration OffsetDateTime -> org.hibernate.type.BasicTypeReference@4b93dd6a
2025-11-29T04:16:13.633-05:00 DEBUG 87600 --- [           main] org.hibernate.type.BasicTypeRegistry     : Adding type registration java.time.OffsetDateTime -> org.hibernate.type.BasicTypeReference@4b93dd6a
2025-11-29T04:16:13.633-05:00 DEBUG 87600 --- [           main] org.hibernate.type.BasicTypeRegistry     : Adding type registration OffsetDateTimeWithTimezone -> org.hibernate.type.BasicTypeReference@582a3b19
2025-11-29T04:16:13.633-05:00 DEBUG 87600 --- [           main] org.hibernate.type.BasicTypeRegistry     : Adding type registration OffsetDateTimeWithoutTimezone -> org.hibernate.type.BasicTypeReference@2b0454d2
2025-11-29T04:16:13.633-05:00 DEBUG 87600 --- [           main] org.hibernate.type.BasicTypeRegistry     : Adding type registration OffsetTime -> org.hibernate.type.BasicTypeReference@2616b618
2025-11-29T04:16:13.633-05:00 DEBUG 87600 --- [           main] org.hibernate.type.BasicTypeRegistry     : Adding type registration java.time.OffsetTime -> org.hibernate.type.BasicTypeReference@2616b618
2025-11-29T04:16:13.633-05:00 DEBUG 87600 --- [           main] org.hibernate.type.BasicTypeRegistry     : Adding type registration OffsetTimeUtc -> org.hibernate.type.BasicTypeReference@73bb573d
2025-11-29T04:16:13.633-05:00 DEBUG 87600 --- [           main] org.hibernate.type.BasicTypeRegistry     : Adding type registration OffsetTimeWithTimezone -> org.hibernate.type.BasicTypeReference@7ac058a0
2025-11-29T04:16:13.633-05:00 DEBUG 87600 --- [           main] org.hibernate.type.BasicTypeRegistry     : Adding type registration OffsetTimeWithoutTimezone -> org.hibernate.type.BasicTypeReference@736b21ee
2025-11-29T04:16:13.633-05:00 DEBUG 87600 --- [           main] org.hibernate.type.BasicTypeRegistry     : Adding type registration ZonedDateTime -> org.hibernate.type.BasicTypeReference@60deefed
2025-11-29T04:16:13.633-05:00 DEBUG 87600 --- [           main] org.hibernate.type.BasicTypeRegistry     : Adding type registration java.time.ZonedDateTime -> org.hibernate.type.BasicTypeReference@60deefed
2025-11-29T04:16:13.633-05:00 DEBUG 87600 --- [           main] org.hibernate.type.BasicTypeRegistry     : Adding type registration ZonedDateTimeWithTimezone -> org.hibernate.type.BasicTypeReference@49754e74
2025-11-29T04:16:13.633-05:00 DEBUG 87600 --- [           main] org.hibernate.type.BasicTypeRegistry     : Adding type registration ZonedDateTimeWithoutTimezone -> org.hibernate.type.BasicTypeReference@31881aa2
2025-11-29T04:16:13.633-05:00 DEBUG 87600 --- [           main] org.hibernate.type.BasicTypeRegistry     : Adding type registration date -> org.hibernate.type.BasicTypeReference@1b46392c
2025-11-29T04:16:13.634-05:00 DEBUG 87600 --- [           main] org.hibernate.type.BasicTypeRegistry     : Adding type registration java.sql.Date -> org.hibernate.type.BasicTypeReference@1b46392c
2025-11-29T04:16:13.634-05:00 DEBUG 87600 --- [           main] org.hibernate.type.BasicTypeRegistry     : Adding type registration time -> org.hibernate.type.BasicTypeReference@cf01c2e
2025-11-29T04:16:13.634-05:00 DEBUG 87600 --- [           main] org.hibernate.type.BasicTypeRegistry     : Adding type registration java.sql.Time -> org.hibernate.type.BasicTypeReference@cf01c2e
2025-11-29T04:16:13.634-05:00 DEBUG 87600 --- [           main] org.hibernate.type.BasicTypeRegistry     : Adding type registration timestamp -> org.hibernate.type.BasicTypeReference@6f15f52a
2025-11-29T04:16:13.634-05:00 DEBUG 87600 --- [           main] org.hibernate.type.BasicTypeRegistry     : Adding type registration java.sql.Timestamp -> org.hibernate.type.BasicTypeReference@6f15f52a
2025-11-29T04:16:13.634-05:00 DEBUG 87600 --- [           main] org.hibernate.type.BasicTypeRegistry     : Adding type registration java.util.Date -> org.hibernate.type.BasicTypeReference@6f15f52a
2025-11-29T04:16:13.635-05:00 DEBUG 87600 --- [           main] org.hibernate.type.BasicTypeRegistry     : Adding type registration calendar -> org.hibernate.type.BasicTypeReference@1eb9bf60
2025-11-29T04:16:13.635-05:00 DEBUG 87600 --- [           main] org.hibernate.type.BasicTypeRegistry     : Adding type registration java.util.Calendar -> org.hibernate.type.BasicTypeReference@1eb9bf60
2025-11-29T04:16:13.635-05:00 DEBUG 87600 --- [           main] org.hibernate.type.BasicTypeRegistry     : Adding type registration java.util.GregorianCalendar -> org.hibernate.type.BasicTypeReference@1eb9bf60
2025-11-29T04:16:13.635-05:00 DEBUG 87600 --- [           main] org.hibernate.type.BasicTypeRegistry     : Adding type registration calendar_date -> org.hibernate.type.BasicTypeReference@341c6ac2
2025-11-29T04:16:13.635-05:00 DEBUG 87600 --- [           main] org.hibernate.type.BasicTypeRegistry     : Adding type registration calendar_time -> org.hibernate.type.BasicTypeReference@38811103
2025-11-29T04:16:13.635-05:00 DEBUG 87600 --- [           main] org.hibernate.type.BasicTypeRegistry     : Adding type registration instant -> org.hibernate.type.BasicTypeReference@787d1f9c
2025-11-29T04:16:13.635-05:00 DEBUG 87600 --- [           main] org.hibernate.type.BasicTypeRegistry     : Adding type registration java.time.Instant -> org.hibernate.type.BasicTypeReference@787d1f9c
2025-11-29T04:16:13.635-05:00 DEBUG 87600 --- [           main] org.hibernate.type.BasicTypeRegistry     : Adding type registration uuid -> org.hibernate.type.BasicTypeReference@2becfd4c
2025-11-29T04:16:13.635-05:00 DEBUG 87600 --- [           main] org.hibernate.type.BasicTypeRegistry     : Adding type registration java.util.UUID -> org.hibernate.type.BasicTypeReference@2becfd4c
2025-11-29T04:16:13.635-05:00 DEBUG 87600 --- [           main] org.hibernate.type.BasicTypeRegistry     : Adding type registration pg-uuid -> org.hibernate.type.BasicTypeReference@2becfd4c
2025-11-29T04:16:13.635-05:00 DEBUG 87600 --- [           main] org.hibernate.type.BasicTypeRegistry     : Adding type registration uuid-binary -> org.hibernate.type.BasicTypeReference@7c71c889
2025-11-29T04:16:13.635-05:00 DEBUG 87600 --- [           main] org.hibernate.type.BasicTypeRegistry     : Adding type registration uuid-char -> org.hibernate.type.BasicTypeReference@4cc8d70d
2025-11-29T04:16:13.635-05:00 DEBUG 87600 --- [           main] org.hibernate.type.BasicTypeRegistry     : Adding type registration class -> org.hibernate.type.BasicTypeReference@5c59a0f7
2025-11-29T04:16:13.636-05:00 DEBUG 87600 --- [           main] org.hibernate.type.BasicTypeRegistry     : Adding type registration java.lang.Class -> org.hibernate.type.BasicTypeReference@5c59a0f7
2025-11-29T04:16:13.636-05:00 DEBUG 87600 --- [           main] org.hibernate.type.BasicTypeRegistry     : Adding type registration currency -> org.hibernate.type.BasicTypeReference@101330ad
2025-11-29T04:16:13.637-05:00 DEBUG 87600 --- [           main] org.hibernate.type.BasicTypeRegistry     : Adding type registration Currency -> org.hibernate.type.BasicTypeReference@101330ad
2025-11-29T04:16:13.637-05:00 DEBUG 87600 --- [           main] org.hibernate.type.BasicTypeRegistry     : Adding type registration java.util.Currency -> org.hibernate.type.BasicTypeReference@101330ad
2025-11-29T04:16:13.637-05:00 DEBUG 87600 --- [           main] org.hibernate.type.BasicTypeRegistry     : Adding type registration locale -> org.hibernate.type.BasicTypeReference@625487a6
2025-11-29T04:16:13.637-05:00 DEBUG 87600 --- [           main] org.hibernate.type.BasicTypeRegistry     : Adding type registration java.util.Locale -> org.hibernate.type.BasicTypeReference@625487a6
2025-11-29T04:16:13.637-05:00 DEBUG 87600 --- [           main] org.hibernate.type.BasicTypeRegistry     : Adding type registration serializable -> org.hibernate.type.BasicTypeReference@682e445e
2025-11-29T04:16:13.637-05:00 DEBUG 87600 --- [           main] org.hibernate.type.BasicTypeRegistry     : Adding type registration java.io.Serializable -> org.hibernate.type.BasicTypeReference@682e445e
2025-11-29T04:16:13.637-05:00 DEBUG 87600 --- [           main] org.hibernate.type.BasicTypeRegistry     : Adding type registration timezone -> org.hibernate.type.BasicTypeReference@79e10fb4
2025-11-29T04:16:13.637-05:00 DEBUG 87600 --- [           main] org.hibernate.type.BasicTypeRegistry     : Adding type registration java.util.TimeZone -> org.hibernate.type.BasicTypeReference@79e10fb4
2025-11-29T04:16:13.637-05:00 DEBUG 87600 --- [           main] org.hibernate.type.BasicTypeRegistry     : Adding type registration ZoneOffset -> org.hibernate.type.BasicTypeReference@70fede7d
2025-11-29T04:16:13.637-05:00 DEBUG 87600 --- [           main] org.hibernate.type.BasicTypeRegistry     : Adding type registration java.time.ZoneOffset -> org.hibernate.type.BasicTypeReference@70fede7d
2025-11-29T04:16:13.637-05:00 DEBUG 87600 --- [           main] org.hibernate.type.BasicTypeRegistry     : Adding type registration url -> org.hibernate.type.BasicTypeReference@36510e73
2025-11-29T04:16:13.637-05:00 DEBUG 87600 --- [           main] org.hibernate.type.BasicTypeRegistry     : Adding type registration java.net.URL -> org.hibernate.type.BasicTypeReference@36510e73
2025-11-29T04:16:13.637-05:00 DEBUG 87600 --- [           main] org.hibernate.type.BasicTypeRegistry     : Adding type registration vector -> org.hibernate.type.BasicTypeReference@2c47a053
2025-11-29T04:16:13.638-05:00 DEBUG 87600 --- [           main] org.hibernate.type.BasicTypeRegistry     : Adding type registration row_version -> org.hibernate.type.BasicTypeReference@5d2a86c0
2025-11-29T04:16:13.640-05:00 DEBUG 87600 --- [           main] org.hibernate.type.BasicTypeRegistry     : Adding type registration object -> org.hibernate.type.JavaObjectType@682618e5
2025-11-29T04:16:13.640-05:00 DEBUG 87600 --- [           main] org.hibernate.type.BasicTypeRegistry     : Adding type registration java.lang.Object -> org.hibernate.type.JavaObjectType@682618e5
2025-11-29T04:16:13.640-05:00 DEBUG 87600 --- [           main] org.hibernate.type.BasicTypeRegistry     : Adding type registration null -> org.hibernate.type.NullType@13516600
2025-11-29T04:16:13.640-05:00 DEBUG 87600 --- [           main] org.hibernate.type.BasicTypeRegistry     : Adding type registration imm_date -> org.hibernate.type.BasicTypeReference@35d7386b
2025-11-29T04:16:13.640-05:00 DEBUG 87600 --- [           main] org.hibernate.type.BasicTypeRegistry     : Adding type registration imm_time -> org.hibernate.type.BasicTypeReference@718989fa
2025-11-29T04:16:13.641-05:00 DEBUG 87600 --- [           main] org.hibernate.type.BasicTypeRegistry     : Adding type registration imm_timestamp -> org.hibernate.type.BasicTypeReference@69f080ad
2025-11-29T04:16:13.641-05:00 DEBUG 87600 --- [           main] org.hibernate.type.BasicTypeRegistry     : Adding type registration imm_calendar -> org.hibernate.type.BasicTypeReference@6568f998
2025-11-29T04:16:13.641-05:00 DEBUG 87600 --- [           main] org.hibernate.type.BasicTypeRegistry     : Adding type registration imm_calendar_date -> org.hibernate.type.BasicTypeReference@45d4421d
2025-11-29T04:16:13.641-05:00 DEBUG 87600 --- [           main] org.hibernate.type.BasicTypeRegistry     : Adding type registration imm_calendar_time -> org.hibernate.type.BasicTypeReference@782fd504
2025-11-29T04:16:13.641-05:00 DEBUG 87600 --- [           main] org.hibernate.type.BasicTypeRegistry     : Adding type registration imm_binary -> org.hibernate.type.BasicTypeReference@1537c744
2025-11-29T04:16:13.641-05:00 DEBUG 87600 --- [           main] org.hibernate.type.BasicTypeRegistry     : Adding type registration imm_serializable -> org.hibernate.type.BasicTypeReference@37314843
2025-11-29T04:16:13.878-05:00  INFO 87600 --- [           main] o.s.o.j.p.SpringPersistenceUnitInfo      : No LoadTimeWeaver setup: ignoring JPA class transformer
2025-11-29T04:16:13.999-05:00 DEBUG 87600 --- [           main] com.zaxxer.hikari.HikariConfig           : HikariPool-1 - configuration:
2025-11-29T04:16:14.019-05:00 DEBUG 87600 --- [           main] com.zaxxer.hikari.HikariConfig           : allowPoolSuspension.............false
2025-11-29T04:16:14.020-05:00 DEBUG 87600 --- [           main] com.zaxxer.hikari.HikariConfig           : autoCommit......................true
2025-11-29T04:16:14.020-05:00 DEBUG 87600 --- [           main] com.zaxxer.hikari.HikariConfig           : catalog.........................none
2025-11-29T04:16:14.020-05:00 DEBUG 87600 --- [           main] com.zaxxer.hikari.HikariConfig           : connectionInitSql...............none
2025-11-29T04:16:14.020-05:00 DEBUG 87600 --- [           main] com.zaxxer.hikari.HikariConfig           : connectionTestQuery.............none
2025-11-29T04:16:14.021-05:00 DEBUG 87600 --- [           main] com.zaxxer.hikari.HikariConfig           : connectionTimeout...............30000
2025-11-29T04:16:14.021-05:00 DEBUG 87600 --- [           main] com.zaxxer.hikari.HikariConfig           : dataSource......................none
2025-11-29T04:16:14.021-05:00 DEBUG 87600 --- [           main] com.zaxxer.hikari.HikariConfig           : dataSourceClassName.............none
2025-11-29T04:16:14.022-05:00 DEBUG 87600 --- [           main] com.zaxxer.hikari.HikariConfig           : dataSourceJNDI..................none
2025-11-29T04:16:14.024-05:00 DEBUG 87600 --- [           main] com.zaxxer.hikari.HikariConfig           : dataSourceProperties............{password=<masked>}
2025-11-29T04:16:14.024-05:00 DEBUG 87600 --- [           main] com.zaxxer.hikari.HikariConfig           : driverClassName................."com.mysql.cj.jdbc.Driver"
2025-11-29T04:16:14.024-05:00 DEBUG 87600 --- [           main] com.zaxxer.hikari.HikariConfig           : exceptionOverrideClassName......none
2025-11-29T04:16:14.024-05:00 DEBUG 87600 --- [           main] com.zaxxer.hikari.HikariConfig           : healthCheckProperties...........{}
2025-11-29T04:16:14.024-05:00 DEBUG 87600 --- [           main] com.zaxxer.hikari.HikariConfig           : healthCheckRegistry.............none
2025-11-29T04:16:14.024-05:00 DEBUG 87600 --- [           main] com.zaxxer.hikari.HikariConfig           : idleTimeout.....................600000
2025-11-29T04:16:14.024-05:00 DEBUG 87600 --- [           main] com.zaxxer.hikari.HikariConfig           : initializationFailTimeout.......1
2025-11-29T04:16:14.024-05:00 DEBUG 87600 --- [           main] com.zaxxer.hikari.HikariConfig           : isolateInternalQueries..........false
2025-11-29T04:16:14.025-05:00 DEBUG 87600 --- [           main] com.zaxxer.hikari.HikariConfig           : jdbcUrl.........................jdbc:mysql://localhost:3306/UltimateCompanyDatabase
2025-11-29T04:16:14.025-05:00 DEBUG 87600 --- [           main] com.zaxxer.hikari.HikariConfig           : keepaliveTime...................0
2025-11-29T04:16:14.025-05:00 DEBUG 87600 --- [           main] com.zaxxer.hikari.HikariConfig           : leakDetectionThreshold..........0
2025-11-29T04:16:14.025-05:00 DEBUG 87600 --- [           main] com.zaxxer.hikari.HikariConfig           : maxLifetime.....................1800000
2025-11-29T04:16:14.025-05:00 DEBUG 87600 --- [           main] com.zaxxer.hikari.HikariConfig           : maximumPoolSize.................10
2025-11-29T04:16:14.025-05:00 DEBUG 87600 --- [           main] com.zaxxer.hikari.HikariConfig           : metricRegistry..................none
2025-11-29T04:16:14.025-05:00 DEBUG 87600 --- [           main] com.zaxxer.hikari.HikariConfig           : metricsTrackerFactory...........none
2025-11-29T04:16:14.025-05:00 DEBUG 87600 --- [           main] com.zaxxer.hikari.HikariConfig           : minimumIdle.....................10
2025-11-29T04:16:14.025-05:00 DEBUG 87600 --- [           main] com.zaxxer.hikari.HikariConfig           : password........................<masked>
2025-11-29T04:16:14.026-05:00 DEBUG 87600 --- [           main] com.zaxxer.hikari.HikariConfig           : poolName........................"HikariPool-1"
2025-11-29T04:16:14.026-05:00 DEBUG 87600 --- [           main] com.zaxxer.hikari.HikariConfig           : readOnly........................false
2025-11-29T04:16:14.026-05:00 DEBUG 87600 --- [           main] com.zaxxer.hikari.HikariConfig           : registerMbeans..................false
2025-11-29T04:16:14.027-05:00 DEBUG 87600 --- [           main] com.zaxxer.hikari.HikariConfig           : scheduledExecutor...............none
2025-11-29T04:16:14.027-05:00 DEBUG 87600 --- [           main] com.zaxxer.hikari.HikariConfig           : schema..........................none
2025-11-29T04:16:14.027-05:00 DEBUG 87600 --- [           main] com.zaxxer.hikari.HikariConfig           : threadFactory...................internal
2025-11-29T04:16:14.027-05:00 DEBUG 87600 --- [           main] com.zaxxer.hikari.HikariConfig           : transactionIsolation............default
2025-11-29T04:16:14.027-05:00 DEBUG 87600 --- [           main] com.zaxxer.hikari.HikariConfig           : username........................"root"
2025-11-29T04:16:14.027-05:00 DEBUG 87600 --- [           main] com.zaxxer.hikari.HikariConfig           : validationTimeout...............5000
2025-11-29T04:16:14.027-05:00  INFO 87600 --- [           main] com.zaxxer.hikari.HikariDataSource       : HikariPool-1 - Starting...
2025-11-29T04:16:14.296-05:00  INFO 87600 --- [           main] com.zaxxer.hikari.pool.HikariPool        : HikariPool-1 - Added connection com.mysql.cj.jdbc.ConnectionImpl@75aeec0a
2025-11-29T04:16:14.298-05:00  INFO 87600 --- [           main] com.zaxxer.hikari.HikariDataSource       : HikariPool-1 - Start completed.
2025-11-29T04:16:14.330-05:00  WARN 87600 --- [           main] org.hibernate.orm.deprecation            : HHH90000025: MySQL8Dialect does not need to be specified explicitly using 'hibernate.dialect' (remove the property setting and it will be selected by default)
2025-11-29T04:16:14.332-05:00  WARN 87600 --- [           main] org.hibernate.orm.deprecation            : HHH90000026: MySQL8Dialect has been deprecated; use org.hibernate.dialect.MySQLDialect instead
2025-11-29T04:16:14.346-05:00 DEBUG 87600 --- [           main] o.h.t.d.sql.spi.DdlTypeRegistry          : addDescriptor(12, org.hibernate.type.descriptor.sql.internal.CapacityDependentDdlType@7af2ee23) replaced previous registration(org.hibernate.type.descriptor.sql.internal.CapacityDependentDdlType@5d10e2b6)
2025-11-29T04:16:14.347-05:00 DEBUG 87600 --- [           main] o.h.t.d.sql.spi.DdlTypeRegistry          : addDescriptor(-9, org.hibernate.type.descriptor.sql.internal.CapacityDependentDdlType@267309f7) replaced previous registration(org.hibernate.type.descriptor.sql.internal.CapacityDependentDdlType@46878216)
2025-11-29T04:16:14.347-05:00 DEBUG 87600 --- [           main] o.h.t.d.sql.spi.DdlTypeRegistry          : addDescriptor(-3, org.hibernate.type.descriptor.sql.internal.CapacityDependentDdlType@2b69ff13) replaced previous registration(org.hibernate.type.descriptor.sql.internal.CapacityDependentDdlType@7136ad9a)
2025-11-29T04:16:14.347-05:00 DEBUG 87600 --- [           main] o.h.t.d.sql.spi.DdlTypeRegistry          : addDescriptor(4003, org.hibernate.type.descriptor.sql.internal.DdlTypeImpl@4fb42efa) replaced previous registration(org.hibernate.type.descriptor.sql.internal.DdlTypeImpl@35599228)
2025-11-29T04:16:14.347-05:00 DEBUG 87600 --- [           main] o.h.t.d.sql.spi.DdlTypeRegistry          : addDescriptor(4001, org.hibernate.type.descriptor.sql.internal.DdlTypeImpl@51ac72f7) replaced previous registration(org.hibernate.type.descriptor.sql.internal.DdlTypeImpl@15324f25)
2025-11-29T04:16:14.347-05:00 DEBUG 87600 --- [           main] o.h.t.d.sql.spi.DdlTypeRegistry          : addDescriptor(4002, org.hibernate.type.descriptor.sql.internal.DdlTypeImpl@7b9f7087) replaced previous registration(org.hibernate.type.descriptor.sql.internal.DdlTypeImpl@22e650e)
2025-11-29T04:16:14.347-05:00 DEBUG 87600 --- [           main] o.h.t.d.sql.spi.DdlTypeRegistry          : addDescriptor(2004, org.hibernate.type.descriptor.sql.internal.CapacityDependentDdlType@30a79476) replaced previous registration(org.hibernate.type.descriptor.sql.internal.DdlTypeImpl@376bae20)
2025-11-29T04:16:14.348-05:00 DEBUG 87600 --- [           main] o.h.t.d.sql.spi.DdlTypeRegistry          : addDescriptor(2005, org.hibernate.type.descriptor.sql.internal.CapacityDependentDdlType@37f0fb02) replaced previous registration(org.hibernate.type.descriptor.sql.internal.DdlTypeImpl@4687fee7)
2025-11-29T04:16:14.348-05:00 DEBUG 87600 --- [           main] o.h.t.d.sql.spi.DdlTypeRegistry          : addDescriptor(2011, org.hibernate.type.descriptor.sql.internal.CapacityDependentDdlType@4a0fc665) replaced previous registration(org.hibernate.type.descriptor.sql.internal.DdlTypeImpl@207f7baa)
2025-11-29T04:16:14.349-05:00 DEBUG 87600 --- [           main] o.h.t.d.jdbc.spi.JdbcTypeRegistry        : addDescriptor(NCharTypeDescriptor) replaced previous registration(CharTypeDescriptor)
2025-11-29T04:16:14.349-05:00 DEBUG 87600 --- [           main] o.h.t.d.jdbc.spi.JdbcTypeRegistry        : addDescriptor(NVarcharTypeDescriptor) replaced previous registration(VarcharTypeDescriptor)
2025-11-29T04:16:14.349-05:00 DEBUG 87600 --- [           main] o.h.t.d.jdbc.spi.JdbcTypeRegistry        : addDescriptor(LongNVarcharTypeDescriptor) replaced previous registration(LongVarcharTypeDescriptor)
2025-11-29T04:16:14.350-05:00 DEBUG 87600 --- [           main] o.h.t.d.jdbc.spi.JdbcTypeRegistry        : addDescriptor(NClobTypeDescriptor(DEFAULT)) replaced previous registration(ClobTypeDescriptor(DEFAULT))
2025-11-29T04:16:14.350-05:00 DEBUG 87600 --- [           main] o.h.t.d.jdbc.spi.JdbcTypeRegistry        : addDescriptor(2005, ClobTypeDescriptor(STREAM_BINDING)) replaced previous registration(ClobTypeDescriptor(DEFAULT))
2025-11-29T04:16:14.351-05:00 DEBUG 87600 --- [           main] org.hibernate.type.BasicTypeRegistry     : Adding type registration null -> org.hibernate.type.NullType@8bb5c2a
2025-11-29T04:16:14.351-05:00 DEBUG 87600 --- [           main] org.hibernate.type.BasicTypeRegistry     : Type registration key [null] overrode previous entry : `org.hibernate.type.NullType@13516600`
2025-11-29T04:16:14.353-05:00 DEBUG 87600 --- [           main] org.hibernate.type.BasicTypeRegistry     : Adding type registration org.hibernate.type.DurationType -> basicType@1(java.time.Duration,2)
2025-11-29T04:16:14.353-05:00 DEBUG 87600 --- [           main] org.hibernate.type.BasicTypeRegistry     : Adding type registration Duration -> basicType@1(java.time.Duration,2)
2025-11-29T04:16:14.353-05:00 DEBUG 87600 --- [           main] org.hibernate.type.BasicTypeRegistry     : Adding type registration java.time.Duration -> basicType@1(java.time.Duration,2)
2025-11-29T04:16:14.355-05:00 DEBUG 87600 --- [           main] org.hibernate.type.BasicTypeRegistry     : Adding type registration org.hibernate.type.OffsetDateTimeType -> basicType@2(java.time.OffsetDateTime,3003)
2025-11-29T04:16:14.355-05:00 DEBUG 87600 --- [           main] org.hibernate.type.BasicTypeRegistry     : Adding type registration OffsetDateTime -> basicType@2(java.time.OffsetDateTime,3003)
2025-11-29T04:16:14.355-05:00 DEBUG 87600 --- [           main] org.hibernate.type.BasicTypeRegistry     : Adding type registration java.time.OffsetDateTime -> basicType@2(java.time.OffsetDateTime,3003)
2025-11-29T04:16:14.355-05:00 DEBUG 87600 --- [           main] org.hibernate.type.BasicTypeRegistry     : Adding type registration org.hibernate.type.ZonedDateTimeType -> basicType@3(java.time.ZonedDateTime,3003)
2025-11-29T04:16:14.355-05:00 DEBUG 87600 --- [           main] org.hibernate.type.BasicTypeRegistry     : Adding type registration ZonedDateTime -> basicType@3(java.time.ZonedDateTime,3003)
2025-11-29T04:16:14.355-05:00 DEBUG 87600 --- [           main] org.hibernate.type.BasicTypeRegistry     : Adding type registration java.time.ZonedDateTime -> basicType@3(java.time.ZonedDateTime,3003)
2025-11-29T04:16:14.355-05:00 DEBUG 87600 --- [           main] org.hibernate.type.BasicTypeRegistry     : Adding type registration org.hibernate.type.OffsetTimeType -> basicType@4(java.time.OffsetTime,3007)
2025-11-29T04:16:14.355-05:00 DEBUG 87600 --- [           main] org.hibernate.type.BasicTypeRegistry     : Adding type registration OffsetTime -> basicType@4(java.time.OffsetTime,3007)
2025-11-29T04:16:14.355-05:00 DEBUG 87600 --- [           main] org.hibernate.type.BasicTypeRegistry     : Adding type registration java.time.OffsetTime -> basicType@4(java.time.OffsetTime,3007)
2025-11-29T04:16:14.355-05:00 DEBUG 87600 --- [           main] o.h.type.spi.TypeConfiguration$Scope     : Scoping TypeConfiguration [org.hibernate.type.spi.TypeConfiguration@12d28106] to MetadataBuildingContext [org.hibernate.boot.internal.MetadataBuildingContextRootImpl@6a3c1b56]
2025-11-29T04:16:14.403-05:00 DEBUG 87600 --- [l-1 housekeeper] com.zaxxer.hikari.pool.HikariPool        : HikariPool-1 - Pool stats (total=1, active=0, idle=1, waiting=0)
2025-11-29T04:16:14.431-05:00 DEBUG 87600 --- [onnection adder] com.zaxxer.hikari.pool.HikariPool        : HikariPool-1 - Added connection com.mysql.cj.jdbc.ConnectionImpl@223a887e
2025-11-29T04:16:14.462-05:00 DEBUG 87600 --- [onnection adder] com.zaxxer.hikari.pool.HikariPool        : HikariPool-1 - Added connection com.mysql.cj.jdbc.ConnectionImpl@24a1845f
2025-11-29T04:16:14.493-05:00 DEBUG 87600 --- [onnection adder] com.zaxxer.hikari.pool.HikariPool        : HikariPool-1 - Added connection com.mysql.cj.jdbc.ConnectionImpl@5c62d969
2025-11-29T04:16:14.525-05:00 DEBUG 87600 --- [onnection adder] com.zaxxer.hikari.pool.HikariPool        : HikariPool-1 - Added connection com.mysql.cj.jdbc.ConnectionImpl@d054e18
2025-11-29T04:16:14.557-05:00 DEBUG 87600 --- [onnection adder] com.zaxxer.hikari.pool.HikariPool        : HikariPool-1 - Added connection com.mysql.cj.jdbc.ConnectionImpl@30c061d9
2025-11-29T04:16:14.590-05:00 DEBUG 87600 --- [onnection adder] com.zaxxer.hikari.pool.HikariPool        : HikariPool-1 - Added connection com.mysql.cj.jdbc.ConnectionImpl@63ba3592
2025-11-29T04:16:14.616-05:00 DEBUG 87600 --- [onnection adder] com.zaxxer.hikari.pool.HikariPool        : HikariPool-1 - Added connection com.mysql.cj.jdbc.ConnectionImpl@6386fcdb
2025-11-29T04:16:14.644-05:00 DEBUG 87600 --- [onnection adder] com.zaxxer.hikari.pool.HikariPool        : HikariPool-1 - Added connection com.mysql.cj.jdbc.ConnectionImpl@52d18bf1
2025-11-29T04:16:14.674-05:00 DEBUG 87600 --- [onnection adder] com.zaxxer.hikari.pool.HikariPool        : HikariPool-1 - Added connection com.mysql.cj.jdbc.ConnectionImpl@a9f9914
2025-11-29T04:16:14.687-05:00 DEBUG 87600 --- [onnection adder] com.zaxxer.hikari.pool.HikariPool        : HikariPool-1 - After adding stats (total=10, active=0, idle=10, waiting=0)
2025-11-29T04:16:15.554-05:00  INFO 87600 --- [           main] o.h.e.t.j.p.i.JtaPlatformInitiator       : HHH000489: No JTA platform available (set 'hibernate.transaction.jta.platform' to enable JTA platform integration)
2025-11-29T04:16:15.555-05:00 DEBUG 87600 --- [           main] o.h.type.spi.TypeConfiguration$Scope     : Scoping TypeConfiguration [org.hibernate.type.spi.TypeConfiguration@12d28106] to SessionFactoryImplementor [org.hibernate.internal.SessionFactoryImpl@4907b487]
2025-11-29T04:16:15.556-05:00 TRACE 87600 --- [           main] o.h.type.spi.TypeConfiguration$Scope     : Handling #sessionFactoryCreated from [org.hibernate.internal.SessionFactoryImpl@4907b487] for TypeConfiguration
2025-11-29T04:16:15.557-05:00  INFO 87600 --- [           main] j.LocalContainerEntityManagerFactoryBean : Initialized JPA EntityManagerFactory for persistence unit 'default'
2025-11-29T04:16:15.632-05:00 DEBUG 87600 --- [           main] tor$SharedEntityManagerInvocationHandler : Creating new EntityManager for shared EntityManager invocation
2025-11-29T04:16:15.777-05:00 DEBUG 87600 --- [           main] tor$SharedEntityManagerInvocationHandler : Creating new EntityManager for shared EntityManager invocation
2025-11-29T04:16:15.925-05:00 DEBUG 87600 --- [           main] tor$SharedEntityManagerInvocationHandler : Creating new EntityManager for shared EntityManager invocation
2025-11-29T04:16:15.967-05:00 DEBUG 87600 --- [           main] tor$SharedEntityManagerInvocationHandler : Creating new EntityManager for shared EntityManager invocation
2025-11-29T04:16:16.013-05:00  INFO 87600 --- [           main] o.s.d.j.r.query.QueryEnhancerFactory     : Hibernate is in classpath; If applicable, HQL parser will be used.
2025-11-29T04:16:16.188-05:00 DEBUG 87600 --- [           main] tor$SharedEntityManagerInvocationHandler : Creating new EntityManager for shared EntityManager invocation
2025-11-29T04:16:16.422-05:00 DEBUG 87600 --- [           main] tor$SharedEntityManagerInvocationHandler : Creating new EntityManager for shared EntityManager invocation
2025-11-29T04:16:16.438-05:00 DEBUG 87600 --- [           main] tor$SharedEntityManagerInvocationHandler : Creating new EntityManager for shared EntityManager invocation
2025-11-29T04:16:16.450-05:00 DEBUG 87600 --- [           main] tor$SharedEntityManagerInvocationHandler : Creating new EntityManager for shared EntityManager invocation
2025-11-29T04:16:16.567-05:00 DEBUG 87600 --- [           main] tor$SharedEntityManagerInvocationHandler : Creating new EntityManager for shared EntityManager invocation
2025-11-29T04:16:16.569-05:00 DEBUG 87600 --- [           main] tor$SharedEntityManagerInvocationHandler : Creating new EntityManager for shared EntityManager invocation
2025-11-29T04:16:16.584-05:00 DEBUG 87600 --- [           main] tor$SharedEntityManagerInvocationHandler : Creating new EntityManager for shared EntityManager invocation
2025-11-29T04:16:16.585-05:00 DEBUG 87600 --- [           main] tor$SharedEntityManagerInvocationHandler : Creating new EntityManager for shared EntityManager invocation
2025-11-29T04:16:16.596-05:00 DEBUG 87600 --- [           main] tor$SharedEntityManagerInvocationHandler : Creating new EntityManager for shared EntityManager invocation
2025-11-29T04:16:16.599-05:00 DEBUG 87600 --- [           main] tor$SharedEntityManagerInvocationHandler : Creating new EntityManager for shared EntityManager invocation
2025-11-29T04:16:16.603-05:00 DEBUG 87600 --- [           main] tor$SharedEntityManagerInvocationHandler : Creating new EntityManager for shared EntityManager invocation
2025-11-29T04:16:16.606-05:00 DEBUG 87600 --- [           main] tor$SharedEntityManagerInvocationHandler : Creating new EntityManager for shared EntityManager invocation
2025-11-29T04:16:16.634-05:00 DEBUG 87600 --- [           main] tor$SharedEntityManagerInvocationHandler : Creating new EntityManager for shared EntityManager invocation
2025-11-29T04:16:16.639-05:00 DEBUG 87600 --- [           main] tor$SharedEntityManagerInvocationHandler : Creating new EntityManager for shared EntityManager invocation
2025-11-29T04:16:16.656-05:00 DEBUG 87600 --- [           main] tor$SharedEntityManagerInvocationHandler : Creating new EntityManager for shared EntityManager invocation
2025-11-29T04:16:16.657-05:00 DEBUG 87600 --- [           main] tor$SharedEntityManagerInvocationHandler : Creating new EntityManager for shared EntityManager invocation
2025-11-29T04:16:16.666-05:00 DEBUG 87600 --- [           main] tor$SharedEntityManagerInvocationHandler : Creating new EntityManager for shared EntityManager invocation
2025-11-29T04:16:16.671-05:00 DEBUG 87600 --- [           main] tor$SharedEntityManagerInvocationHandler : Creating new EntityManager for shared EntityManager invocation
2025-11-29T04:16:16.681-05:00 DEBUG 87600 --- [           main] tor$SharedEntityManagerInvocationHandler : Creating new EntityManager for shared EntityManager invocation
2025-11-29T04:16:16.682-05:00 DEBUG 87600 --- [           main] tor$SharedEntityManagerInvocationHandler : Creating new EntityManager for shared EntityManager invocation
2025-11-29T04:16:16.696-05:00 DEBUG 87600 --- [           main] tor$SharedEntityManagerInvocationHandler : Creating new EntityManager for shared EntityManager invocation
2025-11-29T04:16:16.710-05:00 DEBUG 87600 --- [           main] tor$SharedEntityManagerInvocationHandler : Creating new EntityManager for shared EntityManager invocation
2025-11-29T04:16:16.713-05:00 DEBUG 87600 --- [           main] tor$SharedEntityManagerInvocationHandler : Creating new EntityManager for shared EntityManager invocation
2025-11-29T04:16:16.741-05:00 DEBUG 87600 --- [           main] tor$SharedEntityManagerInvocationHandler : Creating new EntityManager for shared EntityManager invocation
2025-11-29T04:16:16.852-05:00 DEBUG 87600 --- [           main] tor$SharedEntityManagerInvocationHandler : Creating new EntityManager for shared EntityManager invocation
2025-11-29T04:16:16.976-05:00 DEBUG 87600 --- [           main] tor$SharedEntityManagerInvocationHandler : Creating new EntityManager for shared EntityManager invocation
2025-11-29T04:16:16.977-05:00 DEBUG 87600 --- [           main] tor$SharedEntityManagerInvocationHandler : Creating new EntityManager for shared EntityManager invocation
2025-11-29T04:16:17.021-05:00 DEBUG 87600 --- [           main] tor$SharedEntityManagerInvocationHandler : Creating new EntityManager for shared EntityManager invocation
2025-11-29T04:16:17.037-05:00 DEBUG 87600 --- [           main] tor$SharedEntityManagerInvocationHandler : Creating new EntityManager for shared EntityManager invocation
2025-11-29T04:16:17.047-05:00 DEBUG 87600 --- [           main] tor$SharedEntityManagerInvocationHandler : Creating new EntityManager for shared EntityManager invocation
2025-11-29T04:16:17.053-05:00 DEBUG 87600 --- [           main] tor$SharedEntityManagerInvocationHandler : Creating new EntityManager for shared EntityManager invocation
2025-11-29T04:16:17.056-05:00 DEBUG 87600 --- [           main] tor$SharedEntityManagerInvocationHandler : Creating new EntityManager for shared EntityManager invocation
2025-11-29T04:16:17.072-05:00 DEBUG 87600 --- [           main] tor$SharedEntityManagerInvocationHandler : Creating new EntityManager for shared EntityManager invocation
2025-11-29T04:16:17.091-05:00 DEBUG 87600 --- [           main] tor$SharedEntityManagerInvocationHandler : Creating new EntityManager for shared EntityManager invocation
2025-11-29T04:16:17.099-05:00 DEBUG 87600 --- [           main] tor$SharedEntityManagerInvocationHandler : Creating new EntityManager for shared EntityManager invocation
2025-11-29T04:16:17.118-05:00 DEBUG 87600 --- [           main] tor$SharedEntityManagerInvocationHandler : Creating new EntityManager for shared EntityManager invocation
2025-11-29T04:16:17.257-05:00 DEBUG 87600 --- [           main] tor$SharedEntityManagerInvocationHandler : Creating new EntityManager for shared EntityManager invocation
2025-11-29T04:16:17.497-05:00 DEBUG 87600 --- [           main] tor$SharedEntityManagerInvocationHandler : Creating new EntityManager for shared EntityManager invocation
2025-11-29T04:16:17.507-05:00 DEBUG 87600 --- [           main] tor$SharedEntityManagerInvocationHandler : Creating new EntityManager for shared EntityManager invocation
2025-11-29T04:16:17.508-05:00 DEBUG 87600 --- [           main] tor$SharedEntityManagerInvocationHandler : Creating new EntityManager for shared EntityManager invocation
2025-11-29T04:16:17.520-05:00 DEBUG 87600 --- [           main] tor$SharedEntityManagerInvocationHandler : Creating new EntityManager for shared EntityManager invocation
2025-11-29T04:16:17.525-05:00 DEBUG 87600 --- [           main] tor$SharedEntityManagerInvocationHandler : Creating new EntityManager for shared EntityManager invocation
2025-11-29T04:16:17.530-05:00 DEBUG 87600 --- [           main] tor$SharedEntityManagerInvocationHandler : Creating new EntityManager for shared EntityManager invocation
2025-11-29T04:16:17.540-05:00 DEBUG 87600 --- [           main] tor$SharedEntityManagerInvocationHandler : Creating new EntityManager for shared EntityManager invocation
2025-11-29T04:16:17.540-05:00 DEBUG 87600 --- [           main] tor$SharedEntityManagerInvocationHandler : Creating new EntityManager for shared EntityManager invocation
2025-11-29T04:16:17.547-05:00 DEBUG 87600 --- [           main] tor$SharedEntityManagerInvocationHandler : Creating new EntityManager for shared EntityManager invocation
2025-11-29T04:16:17.556-05:00 DEBUG 87600 --- [           main] tor$SharedEntityManagerInvocationHandler : Creating new EntityManager for shared EntityManager invocation
2025-11-29T04:16:17.556-05:00 DEBUG 87600 --- [           main] tor$SharedEntityManagerInvocationHandler : Creating new EntityManager for shared EntityManager invocation
2025-11-29T04:16:17.563-05:00 DEBUG 87600 --- [           main] tor$SharedEntityManagerInvocationHandler : Creating new EntityManager for shared EntityManager invocation
2025-11-29T04:16:17.614-05:00 DEBUG 87600 --- [           main] tor$SharedEntityManagerInvocationHandler : Creating new EntityManager for shared EntityManager invocation
2025-11-29T04:16:17.615-05:00 DEBUG 87600 --- [           main] tor$SharedEntityManagerInvocationHandler : Creating new EntityManager for shared EntityManager invocation
2025-11-29T04:16:17.625-05:00 DEBUG 87600 --- [           main] tor$SharedEntityManagerInvocationHandler : Creating new EntityManager for shared EntityManager invocation
2025-11-29T04:16:17.627-05:00 DEBUG 87600 --- [           main] tor$SharedEntityManagerInvocationHandler : Creating new EntityManager for shared EntityManager invocation
2025-11-29T04:16:17.631-05:00 DEBUG 87600 --- [           main] tor$SharedEntityManagerInvocationHandler : Creating new EntityManager for shared EntityManager invocation
2025-11-29T04:16:17.654-05:00 DEBUG 87600 --- [           main] tor$SharedEntityManagerInvocationHandler : Creating new EntityManager for shared EntityManager invocation
2025-11-29T04:16:17.658-05:00 DEBUG 87600 --- [           main] tor$SharedEntityManagerInvocationHandler : Creating new EntityManager for shared EntityManager invocation
2025-11-29T04:16:17.668-05:00 DEBUG 87600 --- [           main] tor$SharedEntityManagerInvocationHandler : Creating new EntityManager for shared EntityManager invocation
2025-11-29T04:16:17.670-05:00 DEBUG 87600 --- [           main] tor$SharedEntityManagerInvocationHandler : Creating new EntityManager for shared EntityManager invocation
2025-11-29T04:16:17.680-05:00 DEBUG 87600 --- [           main] tor$SharedEntityManagerInvocationHandler : Creating new EntityManager for shared EntityManager invocation
2025-11-29T04:16:17.684-05:00 DEBUG 87600 --- [           main] tor$SharedEntityManagerInvocationHandler : Creating new EntityManager for shared EntityManager invocation
2025-11-29T04:16:17.700-05:00 DEBUG 87600 --- [           main] tor$SharedEntityManagerInvocationHandler : Creating new EntityManager for shared EntityManager invocation
2025-11-29T04:16:17.705-05:00 DEBUG 87600 --- [           main] tor$SharedEntityManagerInvocationHandler : Creating new EntityManager for shared EntityManager invocation
2025-11-29T04:16:17.718-05:00 DEBUG 87600 --- [           main] tor$SharedEntityManagerInvocationHandler : Creating new EntityManager for shared EntityManager invocation
2025-11-29T04:16:17.719-05:00 DEBUG 87600 --- [           main] tor$SharedEntityManagerInvocationHandler : Creating new EntityManager for shared EntityManager invocation
2025-11-29T04:16:17.726-05:00 DEBUG 87600 --- [           main] tor$SharedEntityManagerInvocationHandler : Creating new EntityManager for shared EntityManager invocation
2025-11-29T04:16:17.729-05:00 DEBUG 87600 --- [           main] tor$SharedEntityManagerInvocationHandler : Creating new EntityManager for shared EntityManager invocation
2025-11-29T04:16:17.732-05:00 DEBUG 87600 --- [           main] tor$SharedEntityManagerInvocationHandler : Creating new EntityManager for shared EntityManager invocation
2025-11-29T04:16:17.734-05:00 DEBUG 87600 --- [           main] tor$SharedEntityManagerInvocationHandler : Creating new EntityManager for shared EntityManager invocation
2025-11-29T04:16:17.817-05:00 DEBUG 87600 --- [           main] tor$SharedEntityManagerInvocationHandler : Creating new EntityManager for shared EntityManager invocation
2025-11-29T04:16:17.835-05:00 DEBUG 87600 --- [           main] tor$SharedEntityManagerInvocationHandler : Creating new EntityManager for shared EntityManager invocation
2025-11-29T04:16:17.841-05:00 DEBUG 87600 --- [           main] tor$SharedEntityManagerInvocationHandler : Creating new EntityManager for shared EntityManager invocation
2025-11-29T04:16:17.851-05:00 DEBUG 87600 --- [           main] tor$SharedEntityManagerInvocationHandler : Creating new EntityManager for shared EntityManager invocation
2025-11-29T04:16:17.852-05:00 DEBUG 87600 --- [           main] tor$SharedEntityManagerInvocationHandler : Creating new EntityManager for shared EntityManager invocation
2025-11-29T04:16:17.858-05:00 DEBUG 87600 --- [           main] tor$SharedEntityManagerInvocationHandler : Creating new EntityManager for shared EntityManager invocation
2025-11-29T04:16:17.860-05:00 DEBUG 87600 --- [           main] tor$SharedEntityManagerInvocationHandler : Creating new EntityManager for shared EntityManager invocation
2025-11-29T04:16:17.869-05:00 DEBUG 87600 --- [           main] tor$SharedEntityManagerInvocationHandler : Creating new EntityManager for shared EntityManager invocation
2025-11-29T04:16:17.870-05:00 DEBUG 87600 --- [           main] tor$SharedEntityManagerInvocationHandler : Creating new EntityManager for shared EntityManager invocation
2025-11-29T04:16:17.900-05:00 DEBUG 87600 --- [           main] tor$SharedEntityManagerInvocationHandler : Creating new EntityManager for shared EntityManager invocation
2025-11-29T04:16:17.902-05:00 DEBUG 87600 --- [           main] tor$SharedEntityManagerInvocationHandler : Creating new EntityManager for shared EntityManager invocation
2025-11-29T04:16:17.911-05:00 DEBUG 87600 --- [           main] tor$SharedEntityManagerInvocationHandler : Creating new EntityManager for shared EntityManager invocation
2025-11-29T04:16:17.929-05:00 DEBUG 87600 --- [           main] tor$SharedEntityManagerInvocationHandler : Creating new EntityManager for shared EntityManager invocation
2025-11-29T04:16:17.941-05:00 DEBUG 87600 --- [           main] tor$SharedEntityManagerInvocationHandler : Creating new EntityManager for shared EntityManager invocation
2025-11-29T04:16:17.960-05:00 DEBUG 87600 --- [           main] tor$SharedEntityManagerInvocationHandler : Creating new EntityManager for shared EntityManager invocation
2025-11-29T04:16:17.961-05:00 DEBUG 87600 --- [           main] tor$SharedEntityManagerInvocationHandler : Creating new EntityManager for shared EntityManager invocation
2025-11-29T04:16:17.967-05:00 DEBUG 87600 --- [           main] tor$SharedEntityManagerInvocationHandler : Creating new EntityManager for shared EntityManager invocation
2025-11-29T04:16:17.969-05:00 DEBUG 87600 --- [           main] tor$SharedEntityManagerInvocationHandler : Creating new EntityManager for shared EntityManager invocation
2025-11-29T04:16:17.970-05:00 DEBUG 87600 --- [           main] tor$SharedEntityManagerInvocationHandler : Creating new EntityManager for shared EntityManager invocation
2025-11-29T04:16:17.984-05:00 DEBUG 87600 --- [           main] tor$SharedEntityManagerInvocationHandler : Creating new EntityManager for shared EntityManager invocation
2025-11-29T04:16:17.995-05:00 DEBUG 87600 --- [           main] tor$SharedEntityManagerInvocationHandler : Creating new EntityManager for shared EntityManager invocation
2025-11-29T04:16:18.001-05:00 DEBUG 87600 --- [           main] tor$SharedEntityManagerInvocationHandler : Creating new EntityManager for shared EntityManager invocation
2025-11-29T04:16:18.005-05:00 DEBUG 87600 --- [           main] tor$SharedEntityManagerInvocationHandler : Creating new EntityManager for shared EntityManager invocation
2025-11-29T04:16:18.013-05:00 DEBUG 87600 --- [           main] tor$SharedEntityManagerInvocationHandler : Creating new EntityManager for shared EntityManager invocation
2025-11-29T04:16:18.014-05:00 DEBUG 87600 --- [           main] tor$SharedEntityManagerInvocationHandler : Creating new EntityManager for shared EntityManager invocation
2025-11-29T04:16:18.027-05:00 DEBUG 87600 --- [           main] tor$SharedEntityManagerInvocationHandler : Creating new EntityManager for shared EntityManager invocation
2025-11-29T04:16:18.029-05:00 DEBUG 87600 --- [           main] tor$SharedEntityManagerInvocationHandler : Creating new EntityManager for shared EntityManager invocation
2025-11-29T04:16:18.035-05:00 DEBUG 87600 --- [           main] tor$SharedEntityManagerInvocationHandler : Creating new EntityManager for shared EntityManager invocation
2025-11-29T04:16:18.037-05:00 DEBUG 87600 --- [           main] tor$SharedEntityManagerInvocationHandler : Creating new EntityManager for shared EntityManager invocation
2025-11-29T04:16:18.040-05:00 DEBUG 87600 --- [           main] tor$SharedEntityManagerInvocationHandler : Creating new EntityManager for shared EntityManager invocation
2025-11-29T04:16:18.042-05:00 DEBUG 87600 --- [           main] tor$SharedEntityManagerInvocationHandler : Creating new EntityManager for shared EntityManager invocation
2025-11-29T04:16:18.049-05:00 DEBUG 87600 --- [           main] tor$SharedEntityManagerInvocationHandler : Creating new EntityManager for shared EntityManager invocation
2025-11-29T04:16:18.050-05:00 DEBUG 87600 --- [           main] tor$SharedEntityManagerInvocationHandler : Creating new EntityManager for shared EntityManager invocation
2025-11-29T04:16:18.056-05:00 DEBUG 87600 --- [           main] tor$SharedEntityManagerInvocationHandler : Creating new EntityManager for shared EntityManager invocation
2025-11-29T04:16:18.057-05:00 DEBUG 87600 --- [           main] tor$SharedEntityManagerInvocationHandler : Creating new EntityManager for shared EntityManager invocation
2025-11-29T04:16:18.071-05:00 DEBUG 87600 --- [           main] tor$SharedEntityManagerInvocationHandler : Creating new EntityManager for shared EntityManager invocation
2025-11-29T04:16:18.074-05:00 DEBUG 87600 --- [           main] tor$SharedEntityManagerInvocationHandler : Creating new EntityManager for shared EntityManager invocation
2025-11-29T04:16:18.080-05:00 DEBUG 87600 --- [           main] tor$SharedEntityManagerInvocationHandler : Creating new EntityManager for shared EntityManager invocation
2025-11-29T04:16:18.094-05:00 DEBUG 87600 --- [           main] tor$SharedEntityManagerInvocationHandler : Creating new EntityManager for shared EntityManager invocation
2025-11-29T04:16:18.095-05:00 DEBUG 87600 --- [           main] tor$SharedEntityManagerInvocationHandler : Creating new EntityManager for shared EntityManager invocation
2025-11-29T04:16:18.101-05:00 DEBUG 87600 --- [           main] tor$SharedEntityManagerInvocationHandler : Creating new EntityManager for shared EntityManager invocation
2025-11-29T04:16:18.102-05:00 DEBUG 87600 --- [           main] tor$SharedEntityManagerInvocationHandler : Creating new EntityManager for shared EntityManager invocation
2025-11-29T04:16:18.103-05:00 DEBUG 87600 --- [           main] tor$SharedEntityManagerInvocationHandler : Creating new EntityManager for shared EntityManager invocation
2025-11-29T04:16:18.105-05:00 DEBUG 87600 --- [           main] tor$SharedEntityManagerInvocationHandler : Creating new EntityManager for shared EntityManager invocation
2025-11-29T04:16:18.135-05:00 DEBUG 87600 --- [           main] tor$SharedEntityManagerInvocationHandler : Creating new EntityManager for shared EntityManager invocation
2025-11-29T04:16:18.135-05:00 DEBUG 87600 --- [           main] tor$SharedEntityManagerInvocationHandler : Creating new EntityManager for shared EntityManager invocation
2025-11-29T04:16:18.141-05:00 DEBUG 87600 --- [           main] tor$SharedEntityManagerInvocationHandler : Creating new EntityManager for shared EntityManager invocation
2025-11-29T04:16:18.142-05:00 DEBUG 87600 --- [           main] tor$SharedEntityManagerInvocationHandler : Creating new EntityManager for shared EntityManager invocation
2025-11-29T04:16:18.261-05:00  WARN 87600 --- [           main] JpaBaseConfiguration$JpaWebConfiguration : spring.jpa.open-in-view is enabled by default. Therefore, database queries may be performed during view rendering. Explicitly configure spring.jpa.open-in-view to disable this warning
2025-11-29T04:16:18.542-05:00  INFO 87600 --- [           main] o.s.s.web.DefaultSecurityFilterChain     : Will secure any request with [org.springframework.security.web.session.DisableEncodeUrlFilter@372c0ae5, org.springframework.security.web.context.request.async.WebAsyncManagerIntegrationFilter@2974ffec, org.springframework.security.web.context.SecurityContextHolderFilter@1883a602, org.springframework.security.web.header.HeaderWriterFilter@2d4ba9a0, org.springframework.web.filter.CorsFilter@381f4e86, org.springframework.security.web.authentication.logout.LogoutFilter@21c7857a, com.example.SpringApi.Authentication.JwtAuthenticationFilter@739481d5, org.springframework.security.web.savedrequest.RequestCacheAwareFilter@6b497b3a, org.springframework.security.web.servletapi.SecurityContextHolderAwareRequestFilter@5345cc0a, org.springframework.security.web.authentication.AnonymousAuthenticationFilter@72d1b4f, org.springframework.security.web.session.SessionManagementFilter@16b9082a, org.springframework.security.web.access.ExceptionTranslationFilter@4227511a, org.springframework.security.web.access.intercept.AuthorizationFilter@410a1e0a]
2025-11-29T04:16:18.569-05:00 DEBUG 87600 --- [           main] tor$SharedEntityManagerInvocationHandler : Creating new EntityManager for shared EntityManager invocation
2025-11-29T04:16:18.570-05:00 DEBUG 87600 --- [           main] tor$SharedEntityManagerInvocationHandler : Creating new EntityManager for shared EntityManager invocation
2025-11-29T04:16:18.576-05:00 DEBUG 87600 --- [           main] tor$SharedEntityManagerInvocationHandler : Creating new EntityManager for shared EntityManager invocation
2025-11-29T04:16:18.780-05:00  WARN 87600 --- [           main] ConfigServletWebServerApplicationContext : Exception encountered during context initialization - cancelling refresh attempt: org.springframework.context.ApplicationContextException: Failed to start bean 'webServerStartStop'
2025-11-29T04:16:18.784-05:00  INFO 87600 --- [           main] j.LocalContainerEntityManagerFactoryBean : Closing JPA EntityManagerFactory for persistence unit 'default'
2025-11-29T04:16:18.785-05:00 TRACE 87600 --- [           main] o.h.type.spi.TypeConfiguration$Scope     : Handling #sessionFactoryClosed from [org.hibernate.internal.SessionFactoryImpl@4907b487] for TypeConfiguration
2025-11-29T04:16:18.785-05:00 DEBUG 87600 --- [           main] o.h.type.spi.TypeConfiguration$Scope     : Un-scoping TypeConfiguration [org.hibernate.type.spi.TypeConfiguration$Scope@68573a77] from SessionFactory [org.hibernate.internal.SessionFactoryImpl@4907b487]
2025-11-29T04:16:18.786-05:00  INFO 87600 --- [           main] com.zaxxer.hikari.HikariDataSource       : HikariPool-1 - Shutdown initiated...
2025-11-29T04:16:18.787-05:00 DEBUG 87600 --- [           main] com.zaxxer.hikari.pool.HikariPool        : HikariPool-1 - Before shutdown stats (total=10, active=0, idle=10, waiting=0)
2025-11-29T04:16:18.787-05:00 DEBUG 87600 --- [nnection closer] com.zaxxer.hikari.pool.PoolBase          : HikariPool-1 - Closing connection com.mysql.cj.jdbc.ConnectionImpl@75aeec0a: (connection evicted)
2025-11-29T04:16:18.796-05:00 DEBUG 87600 --- [nnection closer] com.zaxxer.hikari.pool.PoolBase          : HikariPool-1 - Closing connection com.mysql.cj.jdbc.ConnectionImpl@223a887e: (connection evicted)
2025-11-29T04:16:18.797-05:00 DEBUG 87600 --- [nnection closer] com.zaxxer.hikari.pool.PoolBase          : HikariPool-1 - Closing connection com.mysql.cj.jdbc.ConnectionImpl@24a1845f: (connection evicted)
2025-11-29T04:16:18.798-05:00 DEBUG 87600 --- [nnection closer] com.zaxxer.hikari.pool.PoolBase          : HikariPool-1 - Closing connection com.mysql.cj.jdbc.ConnectionImpl@5c62d969: (connection evicted)
2025-11-29T04:16:18.798-05:00 DEBUG 87600 --- [nnection closer] com.zaxxer.hikari.pool.PoolBase          : HikariPool-1 - Closing connection com.mysql.cj.jdbc.ConnectionImpl@d054e18: (connection evicted)
2025-11-29T04:16:18.798-05:00 DEBUG 87600 --- [nnection closer] com.zaxxer.hikari.pool.PoolBase          : HikariPool-1 - Closing connection com.mysql.cj.jdbc.ConnectionImpl@30c061d9: (connection evicted)
2025-11-29T04:16:18.798-05:00 DEBUG 87600 --- [nnection closer] com.zaxxer.hikari.pool.PoolBase          : HikariPool-1 - Closing connection com.mysql.cj.jdbc.ConnectionImpl@63ba3592: (connection evicted)
2025-11-29T04:16:18.798-05:00 DEBUG 87600 --- [nnection closer] com.zaxxer.hikari.pool.PoolBase          : HikariPool-1 - Closing connection com.mysql.cj.jdbc.ConnectionImpl@6386fcdb: (connection evicted)
2025-11-29T04:16:18.798-05:00 DEBUG 87600 --- [nnection closer] com.zaxxer.hikari.pool.PoolBase          : HikariPool-1 - Closing connection com.mysql.cj.jdbc.ConnectionImpl@52d18bf1: (connection evicted)
2025-11-29T04:16:18.799-05:00 DEBUG 87600 --- [nnection closer] com.zaxxer.hikari.pool.PoolBase          : HikariPool-1 - Closing connection com.mysql.cj.jdbc.ConnectionImpl@a9f9914: (connection evicted)
2025-11-29T04:16:18.799-05:00 DEBUG 87600 --- [           main] com.zaxxer.hikari.pool.HikariPool        : HikariPool-1 - After shutdown stats (total=0, active=0, idle=0, waiting=0)
2025-11-29T04:16:18.799-05:00  INFO 87600 --- [           main] com.zaxxer.hikari.HikariDataSource       : HikariPool-1 - Shutdown completed.
2025-11-29T04:16:18.816-05:00  INFO 87600 --- [           main] .s.b.a.l.ConditionEvaluationReportLogger : 

Error starting ApplicationContext. To display the condition evaluation report re-run your application with 'debug' enabled.
2025-11-29T04:16:18.826-05:00 ERROR 87600 --- [           main] o.s.b.d.LoggingFailureAnalysisReporter   : 

***************************
APPLICATION FAILED TO START
***************************

Description:

Web server failed to start. Port 4433 was already in use.

Action:

Identify and stop the process that's listening on port 4433 or configure this application to listen on another port.

[INFO] ------------------------------------------------------------------------
[INFO] BUILD FAILURE
[INFO] ------------------------------------------------------------------------
[INFO] Total time:  11.251 s
[INFO] Finished at: 2025-11-29T04:16:18-05:00
[INFO] ------------------------------------------------------------------------
[ERROR] Failed to execute goal org.springframework.boot:spring-boot-maven-plugin:3.2.2:run (default-cli) on project SpringApi: Process terminated with exit code: 1 -> [Help 1]
org.apache.maven.lifecycle.LifecycleExecutionException: Failed to execute goal org.springframework.boot:spring-boot-maven-plugin:3.2.2:run (default-cli) on project SpringApi: Process terminated with exit code: 1
    at org.apache.maven.lifecycle.internal.MojoExecutor.doExecute2 (MojoExecutor.java:333)
    at org.apache.maven.lifecycle.internal.MojoExecutor.doExecute (MojoExecutor.java:316)
    at org.apache.maven.lifecycle.internal.MojoExecutor.execute (MojoExecutor.java:212)
    at org.apache.maven.lifecycle.internal.MojoExecutor.execute (MojoExecutor.java:174)
    at org.apache.maven.lifecycle.internal.MojoExecutor.access$000 (MojoExecutor.java:75)
    at org.apache.maven.lifecycle.internal.MojoExecutor$1.run (MojoExecutor.java:162)
    at org.apache.maven.plugin.DefaultMojosExecutionStrategy.execute (DefaultMojosExecutionStrategy.java:39)
    at org.apache.maven.lifecycle.internal.MojoExecutor.execute (MojoExecutor.java:159)
    at org.apache.maven.lifecycle.internal.LifecycleModuleBuilder.buildProject (LifecycleModuleBuilder.java:105)
    at org.apache.maven.lifecycle.internal.LifecycleModuleBuilder.buildProject (LifecycleModuleBuilder.java:73)
    at org.apache.maven.lifecycle.internal.builder.singlethreaded.SingleThreadedBuilder.build (SingleThreadedBuilder.java:53)
    at org.apache.maven.lifecycle.internal.LifecycleStarter.execute (LifecycleStarter.java:118)
    at org.apache.maven.DefaultMaven.doExecute (DefaultMaven.java:261)
    at org.apache.maven.DefaultMaven.doExecute (DefaultMaven.java:173)
    at org.apache.maven.DefaultMaven.execute (DefaultMaven.java:101)
    at org.apache.maven.cli.MavenCli.execute (MavenCli.java:906)
    at org.apache.maven.cli.MavenCli.doMain (MavenCli.java:283)
    at org.apache.maven.cli.MavenCli.main (MavenCli.java:206)
    at jdk.internal.reflect.DirectMethodHandleAccessor.invoke (DirectMethodHandleAccessor.java:103)
    at java.lang.reflect.Method.invoke (Method.java:580)
    at org.codehaus.plexus.classworlds.launcher.Launcher.launchEnhanced (Launcher.java:255)
    at org.codehaus.plexus.classworlds.launcher.Launcher.launch (Launcher.java:201)
    at org.codehaus.plexus.classworlds.launcher.Launcher.mainWithExitCode (Launcher.java:361)
    at org.codehaus.plexus.classworlds.launcher.Launcher.main (Launcher.java:314)
Caused by: org.apache.maven.plugin.MojoExecutionException: Process terminated with exit code: 1
    at org.springframework.boot.maven.JavaProcessExecutor.run (JavaProcessExecutor.java:74)
    at org.springframework.boot.maven.RunMojo.run (RunMojo.java:76)
    at org.springframework.boot.maven.AbstractRunMojo.run (AbstractRunMojo.java:242)
    at org.springframework.boot.maven.AbstractRunMojo.execute (AbstractRunMojo.java:209)
    at org.apache.maven.plugin.DefaultBuildPluginManager.executeMojo (DefaultBuildPluginManager.java:126)
    at org.apache.maven.lifecycle.internal.MojoExecutor.doExecute2 (MojoExecutor.java:328)
    at org.apache.maven.lifecycle.internal.MojoExecutor.doExecute (MojoExecutor.java:316)
    at org.apache.maven.lifecycle.internal.MojoExecutor.execute (MojoExecutor.java:212)
    at org.apache.maven.lifecycle.internal.MojoExecutor.execute (MojoExecutor.java:174)
    at org.apache.maven.lifecycle.internal.MojoExecutor.access$000 (MojoExecutor.java:75)
    at org.apache.maven.lifecycle.internal.MojoExecutor$1.run (MojoExecutor.java:162)
    at org.apache.maven.plugin.DefaultMojosExecutionStrategy.execute (DefaultMojosExecutionStrategy.java:39)
    at org.apache.maven.lifecycle.internal.MojoExecutor.execute (MojoExecutor.java:159)
    at org.apache.maven.lifecycle.internal.LifecycleModuleBuilder.buildProject (LifecycleModuleBuilder.java:105)
    at org.apache.maven.lifecycle.internal.LifecycleModuleBuilder.buildProject (LifecycleModuleBuilder.java:73)
    at org.apache.maven.lifecycle.internal.builder.singlethreaded.SingleThreadedBuilder.build (SingleThreadedBuilder.java:53)
    at org.apache.maven.lifecycle.internal.LifecycleStarter.execute (LifecycleStarter.java:118)
    at org.apache.maven.DefaultMaven.doExecute (DefaultMaven.java:261)
    at org.apache.maven.DefaultMaven.doExecute (DefaultMaven.java:173)
    at org.apache.maven.DefaultMaven.execute (DefaultMaven.java:101)
    at org.apache.maven.cli.MavenCli.execute (MavenCli.java:906)
    at org.apache.maven.cli.MavenCli.doMain (MavenCli.java:283)
    at org.apache.maven.cli.MavenCli.main (MavenCli.java:206)
    at jdk.internal.reflect.DirectMethodHandleAccessor.invoke (DirectMethodHandleAccessor.java:103)
    at java.lang.reflect.Method.invoke (Method.java:580)
    at org.codehaus.plexus.classworlds.launcher.Launcher.launchEnhanced (Launcher.java:255)
    at org.codehaus.plexus.classworlds.launcher.Launcher.launch (Launcher.java:201)
    at org.codehaus.plexus.classworlds.launcher.Launcher.mainWithExitCode (Launcher.java:361)
    at org.codehaus.plexus.classworlds.launcher.Launcher.main (Launcher.java:314)
[ERROR] 
[ERROR] Re-run Maven using the -X switch to enable full debug logging.
[ERROR] 
[ERROR] For more information about the errors and possible solutions, please read the following articles:
[ERROR] [Help 1] http://cwiki.apache.org/confluence/display/MAVEN/MojoExecutionException
