[INFO] Scanning for projects...
[WARNING] 
[WARNING] Some problems were encountered while building the effective model for com.example:SpringApi:jar:0.0.1-SNAPSHOT
[WARNING] 'dependencies.dependency.(groupId:artifactId:type:classifier)' must be unique: org.projectlombok:lombok:jar -> duplicate declaration of version (?) @ line 115, column 21
[WARNING] 
[WARNING] It is highly recommended to fix these problems because they threaten the stability of your build.
[WARNING] 
[WARNING] For this reason, future Maven versions might no longer support building such malformed projects.
[WARNING] 
[INFO] 
[INFO] -----------------------< com.example:SpringApi >------------------------
[INFO] Building SpringApi 0.0.1-SNAPSHOT
[INFO]   from pom.xml
[INFO] --------------------------------[ jar ]---------------------------------
[INFO] 
[INFO] >>> spring-boot:3.2.2:run (default-cli) > test-compile @ SpringApi >>>
[WARNING] The artifact org.hibernate:hibernate-core:jar:6.4.2.Final has been relocated to org.hibernate.orm:hibernate-core:jar:6.4.2.Final
[INFO] 
[INFO] --- resources:3.3.1:resources (default-resources) @ SpringApi ---
[INFO] Copying 5 resources from src/main/resources to target/classes
[INFO] Copying 2 resources from src/main/resources to target/classes
[INFO] 
[INFO] --- compiler:3.8.1:compile (default-compile) @ SpringApi ---
[INFO] Nothing to compile - all classes are up to date
[INFO] 
[INFO] --- resources:3.3.1:testResources (default-testResources) @ SpringApi ---
[INFO] skip non existing resourceDirectory /Users/nahushraichura/Documents/Ultimate Company Repositories/SpringApi-development/SpringApi/src/test/resources
[INFO] 
[INFO] --- compiler:3.8.1:testCompile (default-testCompile) @ SpringApi ---
[INFO] Changes detected - recompiling the module!
[INFO] Compiling 6 source files to /Users/nahushraichura/Documents/Ultimate Company Repositories/SpringApi-development/SpringApi/target/test-classes
[INFO] 
[INFO] <<< spring-boot:3.2.2:run (default-cli) < test-compile @ SpringApi <<<
[INFO] 
[INFO] 
[INFO] --- spring-boot:3.2.2:run (default-cli) @ SpringApi ---
[INFO] Attaching agents: []

  .   ____          _            __ _ _
 /\\ / ___'_ __ _ _(_)_ __  __ _ \ \ \ \
( ( )\___ | '_ | '_| | '_ \/ _` | \ \ \ \
 \\/  ___)| |_)| | | | | || (_| |  ) ) ) )
  '  |____| .__|_| |_|_| |_\__, | / / / /
 =========|_|==============|___/=/_/_/_/
 :: Spring Boot ::                (v3.2.2)

2025-09-30T02:24:13.981-04:00  INFO 25676 --- [           main] c.e.SpringApi.SpringApiApplication       : Starting SpringApiApplication using Java 21.0.8 with PID 25676 (/Users/nahushraichura/Documents/Ultimate Company Repositories/SpringApi-development/SpringApi/target/classes started by nahushraichura in /Users/nahushraichura/Documents/Ultimate Company Repositories/SpringApi-development/SpringApi)
2025-09-30T02:24:13.984-04:00  INFO 25676 --- [           main] c.e.SpringApi.SpringApiApplication       : The following 1 profile is active: "localhost"
2025-09-30T02:24:14.528-04:00  INFO 25676 --- [           main] .s.d.r.c.RepositoryConfigurationDelegate : Bootstrapping Spring Data JPA repositories in DEFAULT mode.
2025-09-30T02:24:14.570-04:00  INFO 25676 --- [           main] .s.d.r.c.RepositoryConfigurationDelegate : Finished Spring Data repository scanning in 39 ms. Found 11 JPA repository interfaces.
2025-09-30T02:24:15.316-04:00  INFO 25676 --- [           main] o.s.b.w.embedded.tomcat.TomcatWebServer  : Tomcat initialized with port 4433 (http)
2025-09-30T02:24:15.326-04:00  INFO 25676 --- [           main] o.apache.catalina.core.StandardService   : Starting service [Tomcat]
2025-09-30T02:24:15.327-04:00  INFO 25676 --- [           main] o.apache.catalina.core.StandardEngine    : Starting Servlet engine: [Apache Tomcat/10.1.18]
2025-09-30T02:24:15.374-04:00  INFO 25676 --- [           main] o.a.c.c.C.[Tomcat].[localhost].[/]       : Initializing Spring embedded WebApplicationContext
2025-09-30T02:24:15.375-04:00  INFO 25676 --- [           main] w.s.c.ServletWebServerApplicationContext : Root WebApplicationContext: initialization completed in 1328 ms
2025-09-30T02:24:15.419-04:00 DEBUG 25676 --- [           main] com.zaxxer.hikari.HikariConfig           : Driver class com.mysql.cj.jdbc.Driver found in Thread context class loader jdk.internal.loader.ClassLoaders$AppClassLoader@2c854dc5
2025-09-30T02:24:15.450-04:00 DEBUG 25676 --- [           main] j.LocalContainerEntityManagerFactoryBean : Building JPA container EntityManagerFactory for persistence unit 'default'
2025-09-30T02:24:15.459-04:00  INFO 25676 --- [           main] o.hibernate.jpa.internal.util.LogHelper  : HHH000204: Processing PersistenceUnitInfo [name: default]
2025-09-30T02:24:15.481-04:00  INFO 25676 --- [           main] org.hibernate.Version                    : HHH000412: Hibernate ORM core version 6.4.2.Final
2025-09-30T02:24:15.496-04:00  INFO 25676 --- [           main] o.h.c.internal.RegionFactoryInitiator    : HHH000026: Second-level cache disabled
2025-09-30T02:24:15.522-04:00 DEBUG 25676 --- [           main] org.hibernate.type.BasicTypeRegistry     : Adding type registration boolean -> org.hibernate.type.BasicTypeReference@656842bc
2025-09-30T02:24:15.522-04:00 DEBUG 25676 --- [           main] org.hibernate.type.BasicTypeRegistry     : Adding type registration boolean -> org.hibernate.type.BasicTypeReference@656842bc
2025-09-30T02:24:15.522-04:00 DEBUG 25676 --- [           main] org.hibernate.type.BasicTypeRegistry     : Adding type registration java.lang.Boolean -> org.hibernate.type.BasicTypeReference@656842bc
2025-09-30T02:24:15.522-04:00 DEBUG 25676 --- [           main] org.hibernate.type.BasicTypeRegistry     : Adding type registration numeric_boolean -> org.hibernate.type.BasicTypeReference@6b867ee7
2025-09-30T02:24:15.522-04:00 DEBUG 25676 --- [           main] org.hibernate.type.BasicTypeRegistry     : Adding type registration org.hibernate.type.NumericBooleanConverter -> org.hibernate.type.BasicTypeReference@6b867ee7
2025-09-30T02:24:15.522-04:00 DEBUG 25676 --- [           main] org.hibernate.type.BasicTypeRegistry     : Adding type registration true_false -> org.hibernate.type.BasicTypeReference@3dec3f87
2025-09-30T02:24:15.522-04:00 DEBUG 25676 --- [           main] org.hibernate.type.BasicTypeRegistry     : Adding type registration org.hibernate.type.TrueFalseConverter -> org.hibernate.type.BasicTypeReference@3dec3f87
2025-09-30T02:24:15.523-04:00 DEBUG 25676 --- [           main] org.hibernate.type.BasicTypeRegistry     : Adding type registration yes_no -> org.hibernate.type.BasicTypeReference@7a606260
2025-09-30T02:24:15.523-04:00 DEBUG 25676 --- [           main] org.hibernate.type.BasicTypeRegistry     : Adding type registration org.hibernate.type.YesNoConverter -> org.hibernate.type.BasicTypeReference@7a606260
2025-09-30T02:24:15.523-04:00 DEBUG 25676 --- [           main] org.hibernate.type.BasicTypeRegistry     : Adding type registration byte -> org.hibernate.type.BasicTypeReference@5dbab232
2025-09-30T02:24:15.523-04:00 DEBUG 25676 --- [           main] org.hibernate.type.BasicTypeRegistry     : Adding type registration byte -> org.hibernate.type.BasicTypeReference@5dbab232
2025-09-30T02:24:15.523-04:00 DEBUG 25676 --- [           main] org.hibernate.type.BasicTypeRegistry     : Adding type registration java.lang.Byte -> org.hibernate.type.BasicTypeReference@5dbab232
2025-09-30T02:24:15.523-04:00 DEBUG 25676 --- [           main] org.hibernate.type.BasicTypeRegistry     : Adding type registration binary -> org.hibernate.type.BasicTypeReference@5939e24
2025-09-30T02:24:15.523-04:00 DEBUG 25676 --- [           main] org.hibernate.type.BasicTypeRegistry     : Adding type registration byte[] -> org.hibernate.type.BasicTypeReference@5939e24
2025-09-30T02:24:15.524-04:00 DEBUG 25676 --- [           main] org.hibernate.type.BasicTypeRegistry     : Adding type registration [B -> org.hibernate.type.BasicTypeReference@5939e24
2025-09-30T02:24:15.524-04:00 DEBUG 25676 --- [           main] org.hibernate.type.BasicTypeRegistry     : Adding type registration binary_wrapper -> org.hibernate.type.BasicTypeReference@595f9916
2025-09-30T02:24:15.524-04:00 DEBUG 25676 --- [           main] org.hibernate.type.BasicTypeRegistry     : Adding type registration wrapper-binary -> org.hibernate.type.BasicTypeReference@595f9916
2025-09-30T02:24:15.524-04:00 DEBUG 25676 --- [           main] org.hibernate.type.BasicTypeRegistry     : Adding type registration image -> org.hibernate.type.BasicTypeReference@2055833f
2025-09-30T02:24:15.524-04:00 DEBUG 25676 --- [           main] org.hibernate.type.BasicTypeRegistry     : Adding type registration blob -> org.hibernate.type.BasicTypeReference@28768e25
2025-09-30T02:24:15.524-04:00 DEBUG 25676 --- [           main] org.hibernate.type.BasicTypeRegistry     : Adding type registration java.sql.Blob -> org.hibernate.type.BasicTypeReference@28768e25
2025-09-30T02:24:15.524-04:00 DEBUG 25676 --- [           main] org.hibernate.type.BasicTypeRegistry     : Adding type registration materialized_blob -> org.hibernate.type.BasicTypeReference@310d57b1
2025-09-30T02:24:15.525-04:00 DEBUG 25676 --- [           main] org.hibernate.type.BasicTypeRegistry     : Adding type registration materialized_blob_wrapper -> org.hibernate.type.BasicTypeReference@143fefaf
2025-09-30T02:24:15.526-04:00 DEBUG 25676 --- [           main] org.hibernate.type.BasicTypeRegistry     : Adding type registration short -> org.hibernate.type.BasicTypeReference@18ffca6c
2025-09-30T02:24:15.526-04:00 DEBUG 25676 --- [           main] org.hibernate.type.BasicTypeRegistry     : Adding type registration short -> org.hibernate.type.BasicTypeReference@18ffca6c
2025-09-30T02:24:15.526-04:00 DEBUG 25676 --- [           main] org.hibernate.type.BasicTypeRegistry     : Adding type registration java.lang.Short -> org.hibernate.type.BasicTypeReference@18ffca6c
2025-09-30T02:24:15.526-04:00 DEBUG 25676 --- [           main] org.hibernate.type.BasicTypeRegistry     : Adding type registration integer -> org.hibernate.type.BasicTypeReference@46468f0
2025-09-30T02:24:15.526-04:00 DEBUG 25676 --- [           main] org.hibernate.type.BasicTypeRegistry     : Adding type registration int -> org.hibernate.type.BasicTypeReference@46468f0
2025-09-30T02:24:15.526-04:00 DEBUG 25676 --- [           main] org.hibernate.type.BasicTypeRegistry     : Adding type registration java.lang.Integer -> org.hibernate.type.BasicTypeReference@46468f0
2025-09-30T02:24:15.526-04:00 DEBUG 25676 --- [           main] org.hibernate.type.BasicTypeRegistry     : Adding type registration long -> org.hibernate.type.BasicTypeReference@5f8f1712
2025-09-30T02:24:15.526-04:00 DEBUG 25676 --- [           main] org.hibernate.type.BasicTypeRegistry     : Adding type registration long -> org.hibernate.type.BasicTypeReference@5f8f1712
2025-09-30T02:24:15.526-04:00 DEBUG 25676 --- [           main] org.hibernate.type.BasicTypeRegistry     : Adding type registration java.lang.Long -> org.hibernate.type.BasicTypeReference@5f8f1712
2025-09-30T02:24:15.527-04:00 DEBUG 25676 --- [           main] org.hibernate.type.BasicTypeRegistry     : Adding type registration float -> org.hibernate.type.BasicTypeReference@34a6d9db
2025-09-30T02:24:15.527-04:00 DEBUG 25676 --- [           main] org.hibernate.type.BasicTypeRegistry     : Adding type registration float -> org.hibernate.type.BasicTypeReference@34a6d9db
2025-09-30T02:24:15.527-04:00 DEBUG 25676 --- [           main] org.hibernate.type.BasicTypeRegistry     : Adding type registration java.lang.Float -> org.hibernate.type.BasicTypeReference@34a6d9db
2025-09-30T02:24:15.527-04:00 DEBUG 25676 --- [           main] org.hibernate.type.BasicTypeRegistry     : Adding type registration double -> org.hibernate.type.BasicTypeReference@52ecc989
2025-09-30T02:24:15.527-04:00 DEBUG 25676 --- [           main] org.hibernate.type.BasicTypeRegistry     : Adding type registration double -> org.hibernate.type.BasicTypeReference@52ecc989
2025-09-30T02:24:15.527-04:00 DEBUG 25676 --- [           main] org.hibernate.type.BasicTypeRegistry     : Adding type registration java.lang.Double -> org.hibernate.type.BasicTypeReference@52ecc989
2025-09-30T02:24:15.527-04:00 DEBUG 25676 --- [           main] org.hibernate.type.BasicTypeRegistry     : Adding type registration big_integer -> org.hibernate.type.BasicTypeReference@756808cc
2025-09-30T02:24:15.527-04:00 DEBUG 25676 --- [           main] org.hibernate.type.BasicTypeRegistry     : Adding type registration java.math.BigInteger -> org.hibernate.type.BasicTypeReference@756808cc
2025-09-30T02:24:15.527-04:00 DEBUG 25676 --- [           main] org.hibernate.type.BasicTypeRegistry     : Adding type registration big_decimal -> org.hibernate.type.BasicTypeReference@52f8a6f4
2025-09-30T02:24:15.527-04:00 DEBUG 25676 --- [           main] org.hibernate.type.BasicTypeRegistry     : Adding type registration java.math.BigDecimal -> org.hibernate.type.BasicTypeReference@52f8a6f4
2025-09-30T02:24:15.527-04:00 DEBUG 25676 --- [           main] org.hibernate.type.BasicTypeRegistry     : Adding type registration character -> org.hibernate.type.BasicTypeReference@5012c571
2025-09-30T02:24:15.527-04:00 DEBUG 25676 --- [           main] org.hibernate.type.BasicTypeRegistry     : Adding type registration char -> org.hibernate.type.BasicTypeReference@5012c571
2025-09-30T02:24:15.527-04:00 DEBUG 25676 --- [           main] org.hibernate.type.BasicTypeRegistry     : Adding type registration java.lang.Character -> org.hibernate.type.BasicTypeReference@5012c571
2025-09-30T02:24:15.527-04:00 DEBUG 25676 --- [           main] org.hibernate.type.BasicTypeRegistry     : Adding type registration character_nchar -> org.hibernate.type.BasicTypeReference@6486fe7b
2025-09-30T02:24:15.527-04:00 DEBUG 25676 --- [           main] org.hibernate.type.BasicTypeRegistry     : Adding type registration string -> org.hibernate.type.BasicTypeReference@511da44f
2025-09-30T02:24:15.527-04:00 DEBUG 25676 --- [           main] org.hibernate.type.BasicTypeRegistry     : Adding type registration java.lang.String -> org.hibernate.type.BasicTypeReference@511da44f
2025-09-30T02:24:15.527-04:00 DEBUG 25676 --- [           main] org.hibernate.type.BasicTypeRegistry     : Adding type registration nstring -> org.hibernate.type.BasicTypeReference@4645679e
2025-09-30T02:24:15.527-04:00 DEBUG 25676 --- [           main] org.hibernate.type.BasicTypeRegistry     : Adding type registration characters -> org.hibernate.type.BasicTypeReference@3a0b6a
2025-09-30T02:24:15.527-04:00 DEBUG 25676 --- [           main] org.hibernate.type.BasicTypeRegistry     : Adding type registration char[] -> org.hibernate.type.BasicTypeReference@3a0b6a
2025-09-30T02:24:15.527-04:00 DEBUG 25676 --- [           main] org.hibernate.type.BasicTypeRegistry     : Adding type registration [C -> org.hibernate.type.BasicTypeReference@3a0b6a
2025-09-30T02:24:15.527-04:00 DEBUG 25676 --- [           main] org.hibernate.type.BasicTypeRegistry     : Adding type registration wrapper-characters -> org.hibernate.type.BasicTypeReference@539c4830
2025-09-30T02:24:15.527-04:00 DEBUG 25676 --- [           main] org.hibernate.type.BasicTypeRegistry     : Adding type registration text -> org.hibernate.type.BasicTypeReference@6f1fa1d0
2025-09-30T02:24:15.527-04:00 DEBUG 25676 --- [           main] org.hibernate.type.BasicTypeRegistry     : Adding type registration ntext -> org.hibernate.type.BasicTypeReference@28b523a
2025-09-30T02:24:15.527-04:00 DEBUG 25676 --- [           main] org.hibernate.type.BasicTypeRegistry     : Adding type registration clob -> org.hibernate.type.BasicTypeReference@52ba685a
2025-09-30T02:24:15.527-04:00 DEBUG 25676 --- [           main] org.hibernate.type.BasicTypeRegistry     : Adding type registration java.sql.Clob -> org.hibernate.type.BasicTypeReference@52ba685a
2025-09-30T02:24:15.527-04:00 DEBUG 25676 --- [           main] org.hibernate.type.BasicTypeRegistry     : Adding type registration nclob -> org.hibernate.type.BasicTypeReference@63d677f5
2025-09-30T02:24:15.527-04:00 DEBUG 25676 --- [           main] org.hibernate.type.BasicTypeRegistry     : Adding type registration java.sql.NClob -> org.hibernate.type.BasicTypeReference@63d677f5
2025-09-30T02:24:15.527-04:00 DEBUG 25676 --- [           main] org.hibernate.type.BasicTypeRegistry     : Adding type registration materialized_clob -> org.hibernate.type.BasicTypeReference@71d55b7e
2025-09-30T02:24:15.528-04:00 DEBUG 25676 --- [           main] org.hibernate.type.BasicTypeRegistry     : Adding type registration materialized_clob_char_array -> org.hibernate.type.BasicTypeReference@2997ddfc
2025-09-30T02:24:15.528-04:00 DEBUG 25676 --- [           main] org.hibernate.type.BasicTypeRegistry     : Adding type registration materialized_clob_character_array -> org.hibernate.type.BasicTypeReference@28ee882c
2025-09-30T02:24:15.529-04:00 DEBUG 25676 --- [           main] org.hibernate.type.BasicTypeRegistry     : Adding type registration materialized_nclob -> org.hibernate.type.BasicTypeReference@78d73b1b
2025-09-30T02:24:15.530-04:00 DEBUG 25676 --- [           main] org.hibernate.type.BasicTypeRegistry     : Adding type registration materialized_nclob_character_array -> org.hibernate.type.BasicTypeReference@238291d4
2025-09-30T02:24:15.530-04:00 DEBUG 25676 --- [           main] org.hibernate.type.BasicTypeRegistry     : Adding type registration materialized_nclob_char_array -> org.hibernate.type.BasicTypeReference@34edd065
2025-09-30T02:24:15.530-04:00 DEBUG 25676 --- [           main] org.hibernate.type.BasicTypeRegistry     : Adding type registration Duration -> org.hibernate.type.BasicTypeReference@681e913c
2025-09-30T02:24:15.530-04:00 DEBUG 25676 --- [           main] org.hibernate.type.BasicTypeRegistry     : Adding type registration java.time.Duration -> org.hibernate.type.BasicTypeReference@681e913c
2025-09-30T02:24:15.531-04:00 DEBUG 25676 --- [           main] org.hibernate.type.BasicTypeRegistry     : Adding type registration LocalDateTime -> org.hibernate.type.BasicTypeReference@29d070c7
2025-09-30T02:24:15.531-04:00 DEBUG 25676 --- [           main] org.hibernate.type.BasicTypeRegistry     : Adding type registration java.time.LocalDateTime -> org.hibernate.type.BasicTypeReference@29d070c7
2025-09-30T02:24:15.531-04:00 DEBUG 25676 --- [           main] org.hibernate.type.BasicTypeRegistry     : Adding type registration LocalDate -> org.hibernate.type.BasicTypeReference@1eeb5818
2025-09-30T02:24:15.532-04:00 DEBUG 25676 --- [           main] org.hibernate.type.BasicTypeRegistry     : Adding type registration java.time.LocalDate -> org.hibernate.type.BasicTypeReference@1eeb5818
2025-09-30T02:24:15.532-04:00 DEBUG 25676 --- [           main] org.hibernate.type.BasicTypeRegistry     : Adding type registration LocalTime -> org.hibernate.type.BasicTypeReference@44dfdd58
2025-09-30T02:24:15.532-04:00 DEBUG 25676 --- [           main] org.hibernate.type.BasicTypeRegistry     : Adding type registration java.time.LocalTime -> org.hibernate.type.BasicTypeReference@44dfdd58
2025-09-30T02:24:15.532-04:00 DEBUG 25676 --- [           main] org.hibernate.type.BasicTypeRegistry     : Adding type registration OffsetDateTime -> org.hibernate.type.BasicTypeReference@58d4238e
2025-09-30T02:24:15.532-04:00 DEBUG 25676 --- [           main] org.hibernate.type.BasicTypeRegistry     : Adding type registration java.time.OffsetDateTime -> org.hibernate.type.BasicTypeReference@58d4238e
2025-09-30T02:24:15.532-04:00 DEBUG 25676 --- [           main] org.hibernate.type.BasicTypeRegistry     : Adding type registration OffsetDateTimeWithTimezone -> org.hibernate.type.BasicTypeReference@72a8361b
2025-09-30T02:24:15.532-04:00 DEBUG 25676 --- [           main] org.hibernate.type.BasicTypeRegistry     : Adding type registration OffsetDateTimeWithoutTimezone -> org.hibernate.type.BasicTypeReference@36478bce
2025-09-30T02:24:15.532-04:00 DEBUG 25676 --- [           main] org.hibernate.type.BasicTypeRegistry     : Adding type registration OffsetTime -> org.hibernate.type.BasicTypeReference@c48b543
2025-09-30T02:24:15.532-04:00 DEBUG 25676 --- [           main] org.hibernate.type.BasicTypeRegistry     : Adding type registration java.time.OffsetTime -> org.hibernate.type.BasicTypeReference@c48b543
2025-09-30T02:24:15.532-04:00 DEBUG 25676 --- [           main] org.hibernate.type.BasicTypeRegistry     : Adding type registration OffsetTimeUtc -> org.hibernate.type.BasicTypeReference@75793f17
2025-09-30T02:24:15.532-04:00 DEBUG 25676 --- [           main] org.hibernate.type.BasicTypeRegistry     : Adding type registration OffsetTimeWithTimezone -> org.hibernate.type.BasicTypeReference@4652c74d
2025-09-30T02:24:15.532-04:00 DEBUG 25676 --- [           main] org.hibernate.type.BasicTypeRegistry     : Adding type registration OffsetTimeWithoutTimezone -> org.hibernate.type.BasicTypeReference@4cc12db2
2025-09-30T02:24:15.532-04:00 DEBUG 25676 --- [           main] org.hibernate.type.BasicTypeRegistry     : Adding type registration ZonedDateTime -> org.hibernate.type.BasicTypeReference@5ea7bc4
2025-09-30T02:24:15.533-04:00 DEBUG 25676 --- [           main] org.hibernate.type.BasicTypeRegistry     : Adding type registration java.time.ZonedDateTime -> org.hibernate.type.BasicTypeReference@5ea7bc4
2025-09-30T02:24:15.534-04:00 DEBUG 25676 --- [           main] org.hibernate.type.BasicTypeRegistry     : Adding type registration ZonedDateTimeWithTimezone -> org.hibernate.type.BasicTypeReference@39d77de9
2025-09-30T02:24:15.534-04:00 DEBUG 25676 --- [           main] org.hibernate.type.BasicTypeRegistry     : Adding type registration ZonedDateTimeWithoutTimezone -> org.hibernate.type.BasicTypeReference@696fad31
2025-09-30T02:24:15.534-04:00 DEBUG 25676 --- [           main] org.hibernate.type.BasicTypeRegistry     : Adding type registration date -> org.hibernate.type.BasicTypeReference@2c06b113
2025-09-30T02:24:15.534-04:00 DEBUG 25676 --- [           main] org.hibernate.type.BasicTypeRegistry     : Adding type registration java.sql.Date -> org.hibernate.type.BasicTypeReference@2c06b113
2025-09-30T02:24:15.534-04:00 DEBUG 25676 --- [           main] org.hibernate.type.BasicTypeRegistry     : Adding type registration time -> org.hibernate.type.BasicTypeReference@7a64cb0c
2025-09-30T02:24:15.534-04:00 DEBUG 25676 --- [           main] org.hibernate.type.BasicTypeRegistry     : Adding type registration java.sql.Time -> org.hibernate.type.BasicTypeReference@7a64cb0c
2025-09-30T02:24:15.534-04:00 DEBUG 25676 --- [           main] org.hibernate.type.BasicTypeRegistry     : Adding type registration timestamp -> org.hibernate.type.BasicTypeReference@785ed99c
2025-09-30T02:24:15.534-04:00 DEBUG 25676 --- [           main] org.hibernate.type.BasicTypeRegistry     : Adding type registration java.sql.Timestamp -> org.hibernate.type.BasicTypeReference@785ed99c
2025-09-30T02:24:15.534-04:00 DEBUG 25676 --- [           main] org.hibernate.type.BasicTypeRegistry     : Adding type registration java.util.Date -> org.hibernate.type.BasicTypeReference@785ed99c
2025-09-30T02:24:15.534-04:00 DEBUG 25676 --- [           main] org.hibernate.type.BasicTypeRegistry     : Adding type registration calendar -> org.hibernate.type.BasicTypeReference@6c4ce583
2025-09-30T02:24:15.534-04:00 DEBUG 25676 --- [           main] org.hibernate.type.BasicTypeRegistry     : Adding type registration java.util.Calendar -> org.hibernate.type.BasicTypeReference@6c4ce583
2025-09-30T02:24:15.534-04:00 DEBUG 25676 --- [           main] org.hibernate.type.BasicTypeRegistry     : Adding type registration java.util.GregorianCalendar -> org.hibernate.type.BasicTypeReference@6c4ce583
2025-09-30T02:24:15.534-04:00 DEBUG 25676 --- [           main] org.hibernate.type.BasicTypeRegistry     : Adding type registration calendar_date -> org.hibernate.type.BasicTypeReference@755b5f30
2025-09-30T02:24:15.535-04:00 DEBUG 25676 --- [           main] org.hibernate.type.BasicTypeRegistry     : Adding type registration calendar_time -> org.hibernate.type.BasicTypeReference@29bbc63c
2025-09-30T02:24:15.535-04:00 DEBUG 25676 --- [           main] org.hibernate.type.BasicTypeRegistry     : Adding type registration instant -> org.hibernate.type.BasicTypeReference@272778ae
2025-09-30T02:24:15.535-04:00 DEBUG 25676 --- [           main] org.hibernate.type.BasicTypeRegistry     : Adding type registration java.time.Instant -> org.hibernate.type.BasicTypeReference@272778ae
2025-09-30T02:24:15.535-04:00 DEBUG 25676 --- [           main] org.hibernate.type.BasicTypeRegistry     : Adding type registration uuid -> org.hibernate.type.BasicTypeReference@2cccf134
2025-09-30T02:24:15.535-04:00 DEBUG 25676 --- [           main] org.hibernate.type.BasicTypeRegistry     : Adding type registration java.util.UUID -> org.hibernate.type.BasicTypeReference@2cccf134
2025-09-30T02:24:15.535-04:00 DEBUG 25676 --- [           main] org.hibernate.type.BasicTypeRegistry     : Adding type registration pg-uuid -> org.hibernate.type.BasicTypeReference@2cccf134
2025-09-30T02:24:15.535-04:00 DEBUG 25676 --- [           main] org.hibernate.type.BasicTypeRegistry     : Adding type registration uuid-binary -> org.hibernate.type.BasicTypeReference@3c18942
2025-09-30T02:24:15.535-04:00 DEBUG 25676 --- [           main] org.hibernate.type.BasicTypeRegistry     : Adding type registration uuid-char -> org.hibernate.type.BasicTypeReference@743c3520
2025-09-30T02:24:15.535-04:00 DEBUG 25676 --- [           main] org.hibernate.type.BasicTypeRegistry     : Adding type registration class -> org.hibernate.type.BasicTypeReference@6842c101
2025-09-30T02:24:15.536-04:00 DEBUG 25676 --- [           main] org.hibernate.type.BasicTypeRegistry     : Adding type registration java.lang.Class -> org.hibernate.type.BasicTypeReference@6842c101
2025-09-30T02:24:15.537-04:00 DEBUG 25676 --- [           main] org.hibernate.type.BasicTypeRegistry     : Adding type registration currency -> org.hibernate.type.BasicTypeReference@234cd86c
2025-09-30T02:24:15.537-04:00 DEBUG 25676 --- [           main] org.hibernate.type.BasicTypeRegistry     : Adding type registration Currency -> org.hibernate.type.BasicTypeReference@234cd86c
2025-09-30T02:24:15.537-04:00 DEBUG 25676 --- [           main] org.hibernate.type.BasicTypeRegistry     : Adding type registration java.util.Currency -> org.hibernate.type.BasicTypeReference@234cd86c
2025-09-30T02:24:15.537-04:00 DEBUG 25676 --- [           main] org.hibernate.type.BasicTypeRegistry     : Adding type registration locale -> org.hibernate.type.BasicTypeReference@2c48cede
2025-09-30T02:24:15.537-04:00 DEBUG 25676 --- [           main] org.hibernate.type.BasicTypeRegistry     : Adding type registration java.util.Locale -> org.hibernate.type.BasicTypeReference@2c48cede
2025-09-30T02:24:15.537-04:00 DEBUG 25676 --- [           main] org.hibernate.type.BasicTypeRegistry     : Adding type registration serializable -> org.hibernate.type.BasicTypeReference@39c87b42
2025-09-30T02:24:15.538-04:00 DEBUG 25676 --- [           main] org.hibernate.type.BasicTypeRegistry     : Adding type registration java.io.Serializable -> org.hibernate.type.BasicTypeReference@39c87b42
2025-09-30T02:24:15.538-04:00 DEBUG 25676 --- [           main] org.hibernate.type.BasicTypeRegistry     : Adding type registration timezone -> org.hibernate.type.BasicTypeReference@47fcefb3
2025-09-30T02:24:15.538-04:00 DEBUG 25676 --- [           main] org.hibernate.type.BasicTypeRegistry     : Adding type registration java.util.TimeZone -> org.hibernate.type.BasicTypeReference@47fcefb3
2025-09-30T02:24:15.538-04:00 DEBUG 25676 --- [           main] org.hibernate.type.BasicTypeRegistry     : Adding type registration ZoneOffset -> org.hibernate.type.BasicTypeReference@236c098
2025-09-30T02:24:15.538-04:00 DEBUG 25676 --- [           main] org.hibernate.type.BasicTypeRegistry     : Adding type registration java.time.ZoneOffset -> org.hibernate.type.BasicTypeReference@236c098
2025-09-30T02:24:15.538-04:00 DEBUG 25676 --- [           main] org.hibernate.type.BasicTypeRegistry     : Adding type registration url -> org.hibernate.type.BasicTypeReference@68e2d03e
2025-09-30T02:24:15.538-04:00 DEBUG 25676 --- [           main] org.hibernate.type.BasicTypeRegistry     : Adding type registration java.net.URL -> org.hibernate.type.BasicTypeReference@68e2d03e
2025-09-30T02:24:15.538-04:00 DEBUG 25676 --- [           main] org.hibernate.type.BasicTypeRegistry     : Adding type registration vector -> org.hibernate.type.BasicTypeReference@120aa40b
2025-09-30T02:24:15.539-04:00 DEBUG 25676 --- [           main] org.hibernate.type.BasicTypeRegistry     : Adding type registration row_version -> org.hibernate.type.BasicTypeReference@32ab408e
2025-09-30T02:24:15.541-04:00 DEBUG 25676 --- [           main] org.hibernate.type.BasicTypeRegistry     : Adding type registration object -> org.hibernate.type.JavaObjectType@5faeeb56
2025-09-30T02:24:15.542-04:00 DEBUG 25676 --- [           main] org.hibernate.type.BasicTypeRegistry     : Adding type registration java.lang.Object -> org.hibernate.type.JavaObjectType@5faeeb56
2025-09-30T02:24:15.542-04:00 DEBUG 25676 --- [           main] org.hibernate.type.BasicTypeRegistry     : Adding type registration null -> org.hibernate.type.NullType@3e53c4ad
2025-09-30T02:24:15.543-04:00 DEBUG 25676 --- [           main] org.hibernate.type.BasicTypeRegistry     : Adding type registration imm_date -> org.hibernate.type.BasicTypeReference@33eb0d4
2025-09-30T02:24:15.543-04:00 DEBUG 25676 --- [           main] org.hibernate.type.BasicTypeRegistry     : Adding type registration imm_time -> org.hibernate.type.BasicTypeReference@a3cba3a
2025-09-30T02:24:15.543-04:00 DEBUG 25676 --- [           main] org.hibernate.type.BasicTypeRegistry     : Adding type registration imm_timestamp -> org.hibernate.type.BasicTypeReference@2aea717c
2025-09-30T02:24:15.543-04:00 DEBUG 25676 --- [           main] org.hibernate.type.BasicTypeRegistry     : Adding type registration imm_calendar -> org.hibernate.type.BasicTypeReference@5ca4dce5
2025-09-30T02:24:15.543-04:00 DEBUG 25676 --- [           main] org.hibernate.type.BasicTypeRegistry     : Adding type registration imm_calendar_date -> org.hibernate.type.BasicTypeReference@1291aab5
2025-09-30T02:24:15.543-04:00 DEBUG 25676 --- [           main] org.hibernate.type.BasicTypeRegistry     : Adding type registration imm_calendar_time -> org.hibernate.type.BasicTypeReference@7d133fb7
2025-09-30T02:24:15.543-04:00 DEBUG 25676 --- [           main] org.hibernate.type.BasicTypeRegistry     : Adding type registration imm_binary -> org.hibernate.type.BasicTypeReference@40bd0f8
2025-09-30T02:24:15.543-04:00 DEBUG 25676 --- [           main] org.hibernate.type.BasicTypeRegistry     : Adding type registration imm_serializable -> org.hibernate.type.BasicTypeReference@7eb27768
2025-09-30T02:24:15.704-04:00  INFO 25676 --- [           main] o.s.o.j.p.SpringPersistenceUnitInfo      : No LoadTimeWeaver setup: ignoring JPA class transformer
2025-09-30T02:24:15.715-04:00 DEBUG 25676 --- [           main] com.zaxxer.hikari.HikariConfig           : HikariPool-1 - configuration:
2025-09-30T02:24:15.719-04:00 DEBUG 25676 --- [           main] com.zaxxer.hikari.HikariConfig           : allowPoolSuspension.............false
2025-09-30T02:24:15.720-04:00 DEBUG 25676 --- [           main] com.zaxxer.hikari.HikariConfig           : autoCommit......................true
2025-09-30T02:24:15.720-04:00 DEBUG 25676 --- [           main] com.zaxxer.hikari.HikariConfig           : catalog.........................none
2025-09-30T02:24:15.720-04:00 DEBUG 25676 --- [           main] com.zaxxer.hikari.HikariConfig           : connectionInitSql...............none
2025-09-30T02:24:15.720-04:00 DEBUG 25676 --- [           main] com.zaxxer.hikari.HikariConfig           : connectionTestQuery.............none
2025-09-30T02:24:15.720-04:00 DEBUG 25676 --- [           main] com.zaxxer.hikari.HikariConfig           : connectionTimeout...............30000
2025-09-30T02:24:15.720-04:00 DEBUG 25676 --- [           main] com.zaxxer.hikari.HikariConfig           : dataSource......................none
2025-09-30T02:24:15.720-04:00 DEBUG 25676 --- [           main] com.zaxxer.hikari.HikariConfig           : dataSourceClassName.............none
2025-09-30T02:24:15.720-04:00 DEBUG 25676 --- [           main] com.zaxxer.hikari.HikariConfig           : dataSourceJNDI..................none
2025-09-30T02:24:15.721-04:00 DEBUG 25676 --- [           main] com.zaxxer.hikari.HikariConfig           : dataSourceProperties............{password=<masked>}
2025-09-30T02:24:15.721-04:00 DEBUG 25676 --- [           main] com.zaxxer.hikari.HikariConfig           : driverClassName................."com.mysql.cj.jdbc.Driver"
2025-09-30T02:24:15.721-04:00 DEBUG 25676 --- [           main] com.zaxxer.hikari.HikariConfig           : exceptionOverrideClassName......none
2025-09-30T02:24:15.721-04:00 DEBUG 25676 --- [           main] com.zaxxer.hikari.HikariConfig           : healthCheckProperties...........{}
2025-09-30T02:24:15.721-04:00 DEBUG 25676 --- [           main] com.zaxxer.hikari.HikariConfig           : healthCheckRegistry.............none
2025-09-30T02:24:15.721-04:00 DEBUG 25676 --- [           main] com.zaxxer.hikari.HikariConfig           : idleTimeout.....................600000
2025-09-30T02:24:15.721-04:00 DEBUG 25676 --- [           main] com.zaxxer.hikari.HikariConfig           : initializationFailTimeout.......1
2025-09-30T02:24:15.721-04:00 DEBUG 25676 --- [           main] com.zaxxer.hikari.HikariConfig           : isolateInternalQueries..........false
2025-09-30T02:24:15.721-04:00 DEBUG 25676 --- [           main] com.zaxxer.hikari.HikariConfig           : jdbcUrl.........................jdbc:mysql://localhost:3306/UltimateCompanyDatabase
2025-09-30T02:24:15.721-04:00 DEBUG 25676 --- [           main] com.zaxxer.hikari.HikariConfig           : keepaliveTime...................0
2025-09-30T02:24:15.721-04:00 DEBUG 25676 --- [           main] com.zaxxer.hikari.HikariConfig           : leakDetectionThreshold..........0
2025-09-30T02:24:15.722-04:00 DEBUG 25676 --- [           main] com.zaxxer.hikari.HikariConfig           : maxLifetime.....................1800000
2025-09-30T02:24:15.722-04:00 DEBUG 25676 --- [           main] com.zaxxer.hikari.HikariConfig           : maximumPoolSize.................10
2025-09-30T02:24:15.722-04:00 DEBUG 25676 --- [           main] com.zaxxer.hikari.HikariConfig           : metricRegistry..................none
2025-09-30T02:24:15.722-04:00 DEBUG 25676 --- [           main] com.zaxxer.hikari.HikariConfig           : metricsTrackerFactory...........none
2025-09-30T02:24:15.722-04:00 DEBUG 25676 --- [           main] com.zaxxer.hikari.HikariConfig           : minimumIdle.....................10
2025-09-30T02:24:15.722-04:00 DEBUG 25676 --- [           main] com.zaxxer.hikari.HikariConfig           : password........................<masked>
2025-09-30T02:24:15.722-04:00 DEBUG 25676 --- [           main] com.zaxxer.hikari.HikariConfig           : poolName........................"HikariPool-1"
2025-09-30T02:24:15.722-04:00 DEBUG 25676 --- [           main] com.zaxxer.hikari.HikariConfig           : readOnly........................false
2025-09-30T02:24:15.722-04:00 DEBUG 25676 --- [           main] com.zaxxer.hikari.HikariConfig           : registerMbeans..................false
2025-09-30T02:24:15.722-04:00 DEBUG 25676 --- [           main] com.zaxxer.hikari.HikariConfig           : scheduledExecutor...............none
2025-09-30T02:24:15.723-04:00 DEBUG 25676 --- [           main] com.zaxxer.hikari.HikariConfig           : schema..........................none
2025-09-30T02:24:15.723-04:00 DEBUG 25676 --- [           main] com.zaxxer.hikari.HikariConfig           : threadFactory...................internal
2025-09-30T02:24:15.730-04:00 DEBUG 25676 --- [           main] com.zaxxer.hikari.HikariConfig           : transactionIsolation............default
2025-09-30T02:24:15.732-04:00 DEBUG 25676 --- [           main] com.zaxxer.hikari.HikariConfig           : username........................"root"
2025-09-30T02:24:15.733-04:00 DEBUG 25676 --- [           main] com.zaxxer.hikari.HikariConfig           : validationTimeout...............5000
2025-09-30T02:24:15.733-04:00  INFO 25676 --- [           main] com.zaxxer.hikari.HikariDataSource       : HikariPool-1 - Starting...
2025-09-30T02:24:16.154-04:00  INFO 25676 --- [           main] com.zaxxer.hikari.pool.HikariPool        : HikariPool-1 - Added connection com.mysql.cj.jdbc.ConnectionImpl@1df32c09
2025-09-30T02:24:16.159-04:00  INFO 25676 --- [           main] com.zaxxer.hikari.HikariDataSource       : HikariPool-1 - Start completed.
2025-09-30T02:24:16.205-04:00  WARN 25676 --- [           main] org.hibernate.orm.deprecation            : HHH90000025: MySQL8Dialect does not need to be specified explicitly using 'hibernate.dialect' (remove the property setting and it will be selected by default)
2025-09-30T02:24:16.209-04:00  WARN 25676 --- [           main] org.hibernate.orm.deprecation            : HHH90000026: MySQL8Dialect has been deprecated; use org.hibernate.dialect.MySQLDialect instead
2025-09-30T02:24:16.235-04:00 DEBUG 25676 --- [           main] o.h.t.d.sql.spi.DdlTypeRegistry          : addDescriptor(12, org.hibernate.type.descriptor.sql.internal.CapacityDependentDdlType@6a299b9d) replaced previous registration(org.hibernate.type.descriptor.sql.internal.CapacityDependentDdlType@363fe35a)
2025-09-30T02:24:16.235-04:00 DEBUG 25676 --- [           main] o.h.t.d.sql.spi.DdlTypeRegistry          : addDescriptor(-9, org.hibernate.type.descriptor.sql.internal.CapacityDependentDdlType@a2fb8a5) replaced previous registration(org.hibernate.type.descriptor.sql.internal.CapacityDependentDdlType@350e3fb4)
2025-09-30T02:24:16.236-04:00 DEBUG 25676 --- [           main] o.h.t.d.sql.spi.DdlTypeRegistry          : addDescriptor(-3, org.hibernate.type.descriptor.sql.internal.CapacityDependentDdlType@13ddaffb) replaced previous registration(org.hibernate.type.descriptor.sql.internal.CapacityDependentDdlType@5a31abe9)
2025-09-30T02:24:16.236-04:00 DEBUG 25676 --- [           main] o.h.t.d.sql.spi.DdlTypeRegistry          : addDescriptor(4003, org.hibernate.type.descriptor.sql.internal.DdlTypeImpl@2dacda9a) replaced previous registration(org.hibernate.type.descriptor.sql.internal.DdlTypeImpl@699bb304)
2025-09-30T02:24:16.236-04:00 DEBUG 25676 --- [           main] o.h.t.d.sql.spi.DdlTypeRegistry          : addDescriptor(4001, org.hibernate.type.descriptor.sql.internal.DdlTypeImpl@17477bbb) replaced previous registration(org.hibernate.type.descriptor.sql.internal.DdlTypeImpl@40fee459)
2025-09-30T02:24:16.236-04:00 DEBUG 25676 --- [           main] o.h.t.d.sql.spi.DdlTypeRegistry          : addDescriptor(4002, org.hibernate.type.descriptor.sql.internal.DdlTypeImpl@bcd9ed6) replaced previous registration(org.hibernate.type.descriptor.sql.internal.DdlTypeImpl@3ffa0f38)
2025-09-30T02:24:16.236-04:00 DEBUG 25676 --- [           main] o.h.t.d.sql.spi.DdlTypeRegistry          : addDescriptor(2004, org.hibernate.type.descriptor.sql.internal.CapacityDependentDdlType@13cc31df) replaced previous registration(org.hibernate.type.descriptor.sql.internal.DdlTypeImpl@24a7d3d3)
2025-09-30T02:24:16.236-04:00 DEBUG 25676 --- [           main] o.h.t.d.sql.spi.DdlTypeRegistry          : addDescriptor(2005, org.hibernate.type.descriptor.sql.internal.CapacityDependentDdlType@43fbc2bf) replaced previous registration(org.hibernate.type.descriptor.sql.internal.DdlTypeImpl@2c978637)
2025-09-30T02:24:16.236-04:00 DEBUG 25676 --- [           main] o.h.t.d.sql.spi.DdlTypeRegistry          : addDescriptor(2011, org.hibernate.type.descriptor.sql.internal.CapacityDependentDdlType@5e2718b3) replaced previous registration(org.hibernate.type.descriptor.sql.internal.DdlTypeImpl@440461ef)
2025-09-30T02:24:16.237-04:00 DEBUG 25676 --- [           main] o.h.t.d.jdbc.spi.JdbcTypeRegistry        : addDescriptor(NCharTypeDescriptor) replaced previous registration(CharTypeDescriptor)
2025-09-30T02:24:16.237-04:00 DEBUG 25676 --- [           main] o.h.t.d.jdbc.spi.JdbcTypeRegistry        : addDescriptor(NVarcharTypeDescriptor) replaced previous registration(VarcharTypeDescriptor)
2025-09-30T02:24:16.237-04:00 DEBUG 25676 --- [           main] o.h.t.d.jdbc.spi.JdbcTypeRegistry        : addDescriptor(LongNVarcharTypeDescriptor) replaced previous registration(LongVarcharTypeDescriptor)
2025-09-30T02:24:16.237-04:00 DEBUG 25676 --- [           main] o.h.t.d.jdbc.spi.JdbcTypeRegistry        : addDescriptor(NClobTypeDescriptor(DEFAULT)) replaced previous registration(ClobTypeDescriptor(DEFAULT))
2025-09-30T02:24:16.238-04:00 DEBUG 25676 --- [           main] o.h.t.d.jdbc.spi.JdbcTypeRegistry        : addDescriptor(2005, ClobTypeDescriptor(STREAM_BINDING)) replaced previous registration(ClobTypeDescriptor(DEFAULT))
2025-09-30T02:24:16.239-04:00 DEBUG 25676 --- [           main] org.hibernate.type.BasicTypeRegistry     : Adding type registration null -> org.hibernate.type.NullType@4e4af370
2025-09-30T02:24:16.239-04:00 DEBUG 25676 --- [           main] org.hibernate.type.BasicTypeRegistry     : Type registration key [null] overrode previous entry : `org.hibernate.type.NullType@3e53c4ad`
2025-09-30T02:24:16.241-04:00 DEBUG 25676 --- [           main] org.hibernate.type.BasicTypeRegistry     : Adding type registration org.hibernate.type.DurationType -> basicType@1(java.time.Duration,2)
2025-09-30T02:24:16.241-04:00 DEBUG 25676 --- [           main] org.hibernate.type.BasicTypeRegistry     : Adding type registration Duration -> basicType@1(java.time.Duration,2)
2025-09-30T02:24:16.241-04:00 DEBUG 25676 --- [           main] org.hibernate.type.BasicTypeRegistry     : Adding type registration java.time.Duration -> basicType@1(java.time.Duration,2)
2025-09-30T02:24:16.242-04:00 DEBUG 25676 --- [           main] org.hibernate.type.BasicTypeRegistry     : Adding type registration org.hibernate.type.OffsetDateTimeType -> basicType@2(java.time.OffsetDateTime,3003)
2025-09-30T02:24:16.242-04:00 DEBUG 25676 --- [           main] org.hibernate.type.BasicTypeRegistry     : Adding type registration OffsetDateTime -> basicType@2(java.time.OffsetDateTime,3003)
2025-09-30T02:24:16.242-04:00 DEBUG 25676 --- [           main] org.hibernate.type.BasicTypeRegistry     : Adding type registration java.time.OffsetDateTime -> basicType@2(java.time.OffsetDateTime,3003)
2025-09-30T02:24:16.242-04:00 DEBUG 25676 --- [           main] org.hibernate.type.BasicTypeRegistry     : Adding type registration org.hibernate.type.ZonedDateTimeType -> basicType@3(java.time.ZonedDateTime,3003)
2025-09-30T02:24:16.242-04:00 DEBUG 25676 --- [           main] org.hibernate.type.BasicTypeRegistry     : Adding type registration ZonedDateTime -> basicType@3(java.time.ZonedDateTime,3003)
2025-09-30T02:24:16.242-04:00 DEBUG 25676 --- [           main] org.hibernate.type.BasicTypeRegistry     : Adding type registration java.time.ZonedDateTime -> basicType@3(java.time.ZonedDateTime,3003)
2025-09-30T02:24:16.242-04:00 DEBUG 25676 --- [           main] org.hibernate.type.BasicTypeRegistry     : Adding type registration org.hibernate.type.OffsetTimeType -> basicType@4(java.time.OffsetTime,3007)
2025-09-30T02:24:16.243-04:00 DEBUG 25676 --- [           main] org.hibernate.type.BasicTypeRegistry     : Adding type registration OffsetTime -> basicType@4(java.time.OffsetTime,3007)
2025-09-30T02:24:16.243-04:00 DEBUG 25676 --- [           main] org.hibernate.type.BasicTypeRegistry     : Adding type registration java.time.OffsetTime -> basicType@4(java.time.OffsetTime,3007)
2025-09-30T02:24:16.243-04:00 DEBUG 25676 --- [           main] o.h.type.spi.TypeConfiguration$Scope     : Scoping TypeConfiguration [org.hibernate.type.spi.TypeConfiguration@61c145cb] to MetadataBuildingContext [org.hibernate.boot.internal.MetadataBuildingContextRootImpl@153409b8]
2025-09-30T02:24:16.264-04:00 DEBUG 25676 --- [l-1 housekeeper] com.zaxxer.hikari.pool.HikariPool        : HikariPool-1 - Pool stats (total=1, active=0, idle=1, waiting=0)
2025-09-30T02:24:16.290-04:00 DEBUG 25676 --- [onnection adder] com.zaxxer.hikari.pool.HikariPool        : HikariPool-1 - Added connection com.mysql.cj.jdbc.ConnectionImpl@28357ab7
2025-09-30T02:24:16.322-04:00 DEBUG 25676 --- [onnection adder] com.zaxxer.hikari.pool.HikariPool        : HikariPool-1 - Added connection com.mysql.cj.jdbc.ConnectionImpl@6908708c
2025-09-30T02:24:16.354-04:00 DEBUG 25676 --- [onnection adder] com.zaxxer.hikari.pool.HikariPool        : HikariPool-1 - Added connection com.mysql.cj.jdbc.ConnectionImpl@58abfee0
2025-09-30T02:24:16.388-04:00 DEBUG 25676 --- [onnection adder] com.zaxxer.hikari.pool.HikariPool        : HikariPool-1 - Added connection com.mysql.cj.jdbc.ConnectionImpl@14cd4e2c
2025-09-30T02:24:16.418-04:00 DEBUG 25676 --- [onnection adder] com.zaxxer.hikari.pool.HikariPool        : HikariPool-1 - Added connection com.mysql.cj.jdbc.ConnectionImpl@d69f24d
2025-09-30T02:24:16.459-04:00 DEBUG 25676 --- [onnection adder] com.zaxxer.hikari.pool.HikariPool        : HikariPool-1 - Added connection com.mysql.cj.jdbc.ConnectionImpl@57ec3a8a
2025-09-30T02:24:16.488-04:00 DEBUG 25676 --- [onnection adder] com.zaxxer.hikari.pool.HikariPool        : HikariPool-1 - Added connection com.mysql.cj.jdbc.ConnectionImpl@419f79e
2025-09-30T02:24:16.516-04:00 DEBUG 25676 --- [onnection adder] com.zaxxer.hikari.pool.HikariPool        : HikariPool-1 - Added connection com.mysql.cj.jdbc.ConnectionImpl@1a9bf5ec
2025-09-30T02:24:16.546-04:00 DEBUG 25676 --- [onnection adder] com.zaxxer.hikari.pool.HikariPool        : HikariPool-1 - Added connection com.mysql.cj.jdbc.ConnectionImpl@1363fd4c
2025-09-30T02:24:16.558-04:00 DEBUG 25676 --- [onnection adder] com.zaxxer.hikari.pool.HikariPool        : HikariPool-1 - After adding stats (total=10, active=0, idle=10, waiting=0)
2025-09-30T02:24:16.758-04:00  INFO 25676 --- [           main] o.h.m.i.EntityInstantiatorPojoStandard   : HHH000182: No default (no-argument) constructor for class: com.example.SpringApi.Models.DatabaseModels.User (class must be instantiated by Interceptor)
2025-09-30T02:24:16.869-04:00  INFO 25676 --- [           main] o.h.m.i.EntityInstantiatorPojoStandard   : HHH000182: No default (no-argument) constructor for class: com.example.SpringApi.Models.DatabaseModels.UserClientPermissionMapping (class must be instantiated by Interceptor)
2025-09-30T02:24:16.914-04:00  INFO 25676 --- [           main] o.h.m.i.EntityInstantiatorPojoStandard   : HHH000182: No default (no-argument) constructor for class: com.example.SpringApi.Models.DatabaseModels.UserClientMapping (class must be instantiated by Interceptor)
2025-09-30T02:24:17.106-04:00  INFO 25676 --- [           main] o.h.e.t.j.p.i.JtaPlatformInitiator       : HHH000489: No JTA platform available (set 'hibernate.transaction.jta.platform' to enable JTA platform integration)
2025-09-30T02:24:17.107-04:00 DEBUG 25676 --- [           main] o.h.type.spi.TypeConfiguration$Scope     : Scoping TypeConfiguration [org.hibernate.type.spi.TypeConfiguration@61c145cb] to SessionFactoryImplementor [org.hibernate.internal.SessionFactoryImpl@6ad036d6]
2025-09-30T02:24:17.283-04:00 DEBUG 25676 --- [           main] org.hibernate.SQL                        : 
    alter table `UserGroupUserMap` 
       add constraint FK71en8wf8eblta7eso8sqfanbm 
       foreign key (groupId) 
       references `UserGroup` (groupId)
Hibernate: 
    alter table `UserGroupUserMap` 
       add constraint FK71en8wf8eblta7eso8sqfanbm 
       foreign key (groupId) 
       references `UserGroup` (groupId)
2025-09-30T02:24:17.521-04:00  WARN 25676 --- [           main] o.h.t.s.i.ExceptionHandlerLoggedImpl     : GenerationTarget encountered exception accepting command : Error executing DDL "
    alter table `UserGroupUserMap` 
       add constraint FK71en8wf8eblta7eso8sqfanbm 
       foreign key (groupId) 
       references `UserGroup` (groupId)" via JDBC [Cannot add or update a child row: a foreign key constraint fails (`ultimatecompanydatabase`.`#sql-a6c_d0`, CONSTRAINT `FK71en8wf8eblta7eso8sqfanbm` FOREIGN KEY (`groupId`) REFERENCES `usergroup` (`groupId`))]

org.hibernate.tool.schema.spi.CommandAcceptanceException: Error executing DDL "
    alter table `UserGroupUserMap` 
       add constraint FK71en8wf8eblta7eso8sqfanbm 
       foreign key (groupId) 
       references `UserGroup` (groupId)" via JDBC [Cannot add or update a child row: a foreign key constraint fails (`ultimatecompanydatabase`.`#sql-a6c_d0`, CONSTRAINT `FK71en8wf8eblta7eso8sqfanbm` FOREIGN KEY (`groupId`) REFERENCES `usergroup` (`groupId`))]
	at org.hibernate.tool.schema.internal.exec.GenerationTargetToDatabase.accept(GenerationTargetToDatabase.java:94) ~[hibernate-core-6.4.2.Final.jar:6.4.2.Final]
	at org.hibernate.tool.schema.internal.AbstractSchemaMigrator.applySqlString(AbstractSchemaMigrator.java:574) ~[hibernate-core-6.4.2.Final.jar:6.4.2.Final]
	at org.hibernate.tool.schema.internal.AbstractSchemaMigrator.applySqlStrings(AbstractSchemaMigrator.java:514) ~[hibernate-core-6.4.2.Final.jar:6.4.2.Final]
	at org.hibernate.tool.schema.internal.AbstractSchemaMigrator.applyForeignKeys(AbstractSchemaMigrator.java:446) ~[hibernate-core-6.4.2.Final.jar:6.4.2.Final]
	at org.hibernate.tool.schema.internal.AbstractSchemaMigrator.performMigration(AbstractSchemaMigrator.java:268) ~[hibernate-core-6.4.2.Final.jar:6.4.2.Final]
	at org.hibernate.tool.schema.internal.AbstractSchemaMigrator.doMigration(AbstractSchemaMigrator.java:117) ~[hibernate-core-6.4.2.Final.jar:6.4.2.Final]
	at org.hibernate.tool.schema.spi.SchemaManagementToolCoordinator.performDatabaseAction(SchemaManagementToolCoordinator.java:286) ~[hibernate-core-6.4.2.Final.jar:6.4.2.Final]
	at org.hibernate.tool.schema.spi.SchemaManagementToolCoordinator.lambda$process$5(SchemaManagementToolCoordinator.java:145) ~[hibernate-core-6.4.2.Final.jar:6.4.2.Final]
	at java.base/java.util.HashMap.forEach(HashMap.java:1429) ~[na:na]
	at org.hibernate.tool.schema.spi.SchemaManagementToolCoordinator.process(SchemaManagementToolCoordinator.java:142) ~[hibernate-core-6.4.2.Final.jar:6.4.2.Final]
	at org.hibernate.boot.internal.SessionFactoryObserverForSchemaExport.sessionFactoryCreated(SessionFactoryObserverForSchemaExport.java:37) ~[hibernate-core-6.4.2.Final.jar:6.4.2.Final]
	at org.hibernate.internal.SessionFactoryObserverChain.sessionFactoryCreated(SessionFactoryObserverChain.java:35) ~[hibernate-core-6.4.2.Final.jar:6.4.2.Final]
	at org.hibernate.internal.SessionFactoryImpl.<init>(SessionFactoryImpl.java:315) ~[hibernate-core-6.4.2.Final.jar:6.4.2.Final]
	at org.hibernate.boot.internal.SessionFactoryBuilderImpl.build(SessionFactoryBuilderImpl.java:450) ~[hibernate-core-6.4.2.Final.jar:6.4.2.Final]
	at org.hibernate.jpa.boot.internal.EntityManagerFactoryBuilderImpl.build(EntityManagerFactoryBuilderImpl.java:1507) ~[hibernate-core-6.4.2.Final.jar:6.4.2.Final]
	at org.springframework.orm.jpa.vendor.SpringHibernateJpaPersistenceProvider.createContainerEntityManagerFactory(SpringHibernateJpaPersistenceProvider.java:75) ~[spring-orm-6.1.3.jar:6.1.3]
	at org.springframework.orm.jpa.LocalContainerEntityManagerFactoryBean.createNativeEntityManagerFactory(LocalContainerEntityManagerFactoryBean.java:376) ~[spring-orm-6.1.3.jar:6.1.3]
	at org.springframework.orm.jpa.AbstractEntityManagerFactoryBean.buildNativeEntityManagerFactory(AbstractEntityManagerFactoryBean.java:409) ~[spring-orm-6.1.3.jar:6.1.3]
	at org.springframework.orm.jpa.AbstractEntityManagerFactoryBean.afterPropertiesSet(AbstractEntityManagerFactoryBean.java:396) ~[spring-orm-6.1.3.jar:6.1.3]
	at org.springframework.orm.jpa.LocalContainerEntityManagerFactoryBean.afterPropertiesSet(LocalContainerEntityManagerFactoryBean.java:352) ~[spring-orm-6.1.3.jar:6.1.3]
	at org.springframework.beans.factory.support.AbstractAutowireCapableBeanFactory.invokeInitMethods(AbstractAutowireCapableBeanFactory.java:1820) ~[spring-beans-6.1.3.jar:6.1.3]
	at org.springframework.beans.factory.support.AbstractAutowireCapableBeanFactory.initializeBean(AbstractAutowireCapableBeanFactory.java:1769) ~[spring-beans-6.1.3.jar:6.1.3]
	at org.springframework.beans.factory.support.AbstractAutowireCapableBeanFactory.doCreateBean(AbstractAutowireCapableBeanFactory.java:599) ~[spring-beans-6.1.3.jar:6.1.3]
	at org.springframework.beans.factory.support.AbstractAutowireCapableBeanFactory.createBean(AbstractAutowireCapableBeanFactory.java:521) ~[spring-beans-6.1.3.jar:6.1.3]
	at org.springframework.beans.factory.support.AbstractBeanFactory.lambda$doGetBean$0(AbstractBeanFactory.java:325) ~[spring-beans-6.1.3.jar:6.1.3]
	at org.springframework.beans.factory.support.DefaultSingletonBeanRegistry.getSingleton(DefaultSingletonBeanRegistry.java:234) ~[spring-beans-6.1.3.jar:6.1.3]
	at org.springframework.beans.factory.support.AbstractBeanFactory.doGetBean(AbstractBeanFactory.java:323) ~[spring-beans-6.1.3.jar:6.1.3]
	at org.springframework.beans.factory.support.AbstractBeanFactory.getBean(AbstractBeanFactory.java:199) ~[spring-beans-6.1.3.jar:6.1.3]
	at org.springframework.context.support.AbstractApplicationContext.getBean(AbstractApplicationContext.java:1231) ~[spring-context-6.1.3.jar:6.1.3]
	at org.springframework.context.support.AbstractApplicationContext.finishBeanFactoryInitialization(AbstractApplicationContext.java:949) ~[spring-context-6.1.3.jar:6.1.3]
	at org.springframework.context.support.AbstractApplicationContext.refresh(AbstractApplicationContext.java:624) ~[spring-context-6.1.3.jar:6.1.3]
	at org.springframework.boot.web.servlet.context.ServletWebServerApplicationContext.refresh(ServletWebServerApplicationContext.java:146) ~[spring-boot-3.2.2.jar:3.2.2]
	at org.springframework.boot.SpringApplication.refresh(SpringApplication.java:754) ~[spring-boot-3.2.2.jar:3.2.2]
	at org.springframework.boot.SpringApplication.refreshContext(SpringApplication.java:456) ~[spring-boot-3.2.2.jar:3.2.2]
	at org.springframework.boot.SpringApplication.run(SpringApplication.java:334) ~[spring-boot-3.2.2.jar:3.2.2]
	at org.springframework.boot.SpringApplication.run(SpringApplication.java:1354) ~[spring-boot-3.2.2.jar:3.2.2]
	at org.springframework.boot.SpringApplication.run(SpringApplication.java:1343) ~[spring-boot-3.2.2.jar:3.2.2]
	at com.example.SpringApi.SpringApiApplication.main(SpringApiApplication.java:43) ~[classes/:na]
Caused by: java.sql.SQLIntegrityConstraintViolationException: Cannot add or update a child row: a foreign key constraint fails (`ultimatecompanydatabase`.`#sql-a6c_d0`, CONSTRAINT `FK71en8wf8eblta7eso8sqfanbm` FOREIGN KEY (`groupId`) REFERENCES `usergroup` (`groupId`))
	at com.mysql.cj.jdbc.exceptions.SQLError.createSQLException(SQLError.java:109) ~[mysql-connector-j-9.1.0.jar:9.1.0]
	at com.mysql.cj.jdbc.exceptions.SQLExceptionsMapping.translateException(SQLExceptionsMapping.java:114) ~[mysql-connector-j-9.1.0.jar:9.1.0]
	at com.mysql.cj.jdbc.StatementImpl.executeInternal(StatementImpl.java:837) ~[mysql-connector-j-9.1.0.jar:9.1.0]
	at com.mysql.cj.jdbc.StatementImpl.execute(StatementImpl.java:685) ~[mysql-connector-j-9.1.0.jar:9.1.0]
	at com.zaxxer.hikari.pool.ProxyStatement.execute(ProxyStatement.java:94) ~[HikariCP-5.0.1.jar:na]
	at com.zaxxer.hikari.pool.HikariProxyStatement.execute(HikariProxyStatement.java) ~[HikariCP-5.0.1.jar:na]
	at org.hibernate.tool.schema.internal.exec.GenerationTargetToDatabase.accept(GenerationTargetToDatabase.java:80) ~[hibernate-core-6.4.2.Final.jar:6.4.2.Final]
	... 37 common frames omitted

2025-09-30T02:24:17.550-04:00 TRACE 25676 --- [           main] o.h.type.spi.TypeConfiguration$Scope     : Handling #sessionFactoryCreated from [org.hibernate.internal.SessionFactoryImpl@6ad036d6] for TypeConfiguration
2025-09-30T02:24:17.552-04:00  INFO 25676 --- [           main] j.LocalContainerEntityManagerFactoryBean : Initialized JPA EntityManagerFactory for persistence unit 'default'
2025-09-30T02:24:17.663-04:00 DEBUG 25676 --- [           main] tor$SharedEntityManagerInvocationHandler : Creating new EntityManager for shared EntityManager invocation
2025-09-30T02:24:17.777-04:00 DEBUG 25676 --- [           main] tor$SharedEntityManagerInvocationHandler : Creating new EntityManager for shared EntityManager invocation
2025-09-30T02:24:17.947-04:00 DEBUG 25676 --- [           main] tor$SharedEntityManagerInvocationHandler : Creating new EntityManager for shared EntityManager invocation
2025-09-30T02:24:17.993-04:00 DEBUG 25676 --- [           main] tor$SharedEntityManagerInvocationHandler : Creating new EntityManager for shared EntityManager invocation
2025-09-30T02:24:18.039-04:00  INFO 25676 --- [           main] o.s.d.j.r.query.QueryEnhancerFactory     : Hibernate is in classpath; If applicable, HQL parser will be used.
2025-09-30T02:24:18.159-04:00 DEBUG 25676 --- [           main] tor$SharedEntityManagerInvocationHandler : Creating new EntityManager for shared EntityManager invocation
2025-09-30T02:24:18.266-04:00 DEBUG 25676 --- [           main] tor$SharedEntityManagerInvocationHandler : Creating new EntityManager for shared EntityManager invocation
2025-09-30T02:24:18.410-04:00 DEBUG 25676 --- [           main] tor$SharedEntityManagerInvocationHandler : Creating new EntityManager for shared EntityManager invocation
2025-09-30T02:24:18.745-04:00 DEBUG 25676 --- [           main] tor$SharedEntityManagerInvocationHandler : Creating new EntityManager for shared EntityManager invocation
2025-09-30T02:24:18.750-04:00 DEBUG 25676 --- [           main] tor$SharedEntityManagerInvocationHandler : Creating new EntityManager for shared EntityManager invocation
2025-09-30T02:24:18.753-04:00 DEBUG 25676 --- [           main] tor$SharedEntityManagerInvocationHandler : Creating new EntityManager for shared EntityManager invocation
2025-09-30T02:24:18.787-04:00 DEBUG 25676 --- [           main] tor$SharedEntityManagerInvocationHandler : Creating new EntityManager for shared EntityManager invocation
2025-09-30T02:24:18.788-04:00 DEBUG 25676 --- [           main] tor$SharedEntityManagerInvocationHandler : Creating new EntityManager for shared EntityManager invocation
2025-09-30T02:24:18.797-04:00 DEBUG 25676 --- [           main] tor$SharedEntityManagerInvocationHandler : Creating new EntityManager for shared EntityManager invocation
2025-09-30T02:24:18.798-04:00 DEBUG 25676 --- [           main] tor$SharedEntityManagerInvocationHandler : Creating new EntityManager for shared EntityManager invocation
2025-09-30T02:24:18.805-04:00 DEBUG 25676 --- [           main] tor$SharedEntityManagerInvocationHandler : Creating new EntityManager for shared EntityManager invocation
2025-09-30T02:24:18.806-04:00 DEBUG 25676 --- [           main] tor$SharedEntityManagerInvocationHandler : Creating new EntityManager for shared EntityManager invocation
2025-09-30T02:24:18.827-04:00 DEBUG 25676 --- [           main] tor$SharedEntityManagerInvocationHandler : Creating new EntityManager for shared EntityManager invocation
2025-09-30T02:24:18.877-04:00 DEBUG 25676 --- [           main] tor$SharedEntityManagerInvocationHandler : Creating new EntityManager for shared EntityManager invocation
2025-09-30T02:24:18.885-04:00 DEBUG 25676 --- [           main] tor$SharedEntityManagerInvocationHandler : Creating new EntityManager for shared EntityManager invocation
2025-09-30T02:24:18.892-04:00 DEBUG 25676 --- [           main] tor$SharedEntityManagerInvocationHandler : Creating new EntityManager for shared EntityManager invocation
2025-09-30T02:24:18.892-04:00 DEBUG 25676 --- [           main] tor$SharedEntityManagerInvocationHandler : Creating new EntityManager for shared EntityManager invocation
2025-09-30T02:24:18.898-04:00 DEBUG 25676 --- [           main] tor$SharedEntityManagerInvocationHandler : Creating new EntityManager for shared EntityManager invocation
2025-09-30T02:24:18.910-04:00 DEBUG 25676 --- [           main] tor$SharedEntityManagerInvocationHandler : Creating new EntityManager for shared EntityManager invocation
2025-09-30T02:24:18.914-04:00 DEBUG 25676 --- [           main] tor$SharedEntityManagerInvocationHandler : Creating new EntityManager for shared EntityManager invocation
2025-09-30T02:24:18.922-04:00 DEBUG 25676 --- [           main] tor$SharedEntityManagerInvocationHandler : Creating new EntityManager for shared EntityManager invocation
2025-09-30T02:24:18.935-04:00 DEBUG 25676 --- [           main] tor$SharedEntityManagerInvocationHandler : Creating new EntityManager for shared EntityManager invocation
2025-09-30T02:24:18.936-04:00 DEBUG 25676 --- [           main] tor$SharedEntityManagerInvocationHandler : Creating new EntityManager for shared EntityManager invocation
2025-09-30T02:24:18.944-04:00 DEBUG 25676 --- [           main] tor$SharedEntityManagerInvocationHandler : Creating new EntityManager for shared EntityManager invocation
2025-09-30T02:24:18.944-04:00 DEBUG 25676 --- [           main] tor$SharedEntityManagerInvocationHandler : Creating new EntityManager for shared EntityManager invocation
2025-09-30T02:24:18.953-04:00 DEBUG 25676 --- [           main] tor$SharedEntityManagerInvocationHandler : Creating new EntityManager for shared EntityManager invocation
2025-09-30T02:24:18.953-04:00 DEBUG 25676 --- [           main] tor$SharedEntityManagerInvocationHandler : Creating new EntityManager for shared EntityManager invocation
2025-09-30T02:24:18.966-04:00 DEBUG 25676 --- [           main] tor$SharedEntityManagerInvocationHandler : Creating new EntityManager for shared EntityManager invocation
2025-09-30T02:24:18.967-04:00 DEBUG 25676 --- [           main] tor$SharedEntityManagerInvocationHandler : Creating new EntityManager for shared EntityManager invocation
2025-09-30T02:24:18.975-04:00 DEBUG 25676 --- [           main] tor$SharedEntityManagerInvocationHandler : Creating new EntityManager for shared EntityManager invocation
2025-09-30T02:24:18.978-04:00 DEBUG 25676 --- [           main] tor$SharedEntityManagerInvocationHandler : Creating new EntityManager for shared EntityManager invocation
2025-09-30T02:24:18.987-04:00 DEBUG 25676 --- [           main] tor$SharedEntityManagerInvocationHandler : Creating new EntityManager for shared EntityManager invocation
2025-09-30T02:24:18.988-04:00 DEBUG 25676 --- [           main] tor$SharedEntityManagerInvocationHandler : Creating new EntityManager for shared EntityManager invocation
2025-09-30T02:24:18.996-04:00 DEBUG 25676 --- [           main] tor$SharedEntityManagerInvocationHandler : Creating new EntityManager for shared EntityManager invocation
2025-09-30T02:24:18.998-04:00 DEBUG 25676 --- [           main] tor$SharedEntityManagerInvocationHandler : Creating new EntityManager for shared EntityManager invocation
2025-09-30T02:24:18.999-04:00 DEBUG 25676 --- [           main] tor$SharedEntityManagerInvocationHandler : Creating new EntityManager for shared EntityManager invocation
2025-09-30T02:24:19.047-04:00 DEBUG 25676 --- [           main] tor$SharedEntityManagerInvocationHandler : Creating new EntityManager for shared EntityManager invocation
2025-09-30T02:24:19.048-04:00 DEBUG 25676 --- [           main] tor$SharedEntityManagerInvocationHandler : Creating new EntityManager for shared EntityManager invocation
2025-09-30T02:24:19.070-04:00 DEBUG 25676 --- [           main] tor$SharedEntityManagerInvocationHandler : Creating new EntityManager for shared EntityManager invocation
2025-09-30T02:24:19.073-04:00 DEBUG 25676 --- [           main] tor$SharedEntityManagerInvocationHandler : Creating new EntityManager for shared EntityManager invocation
2025-09-30T02:24:19.074-04:00 DEBUG 25676 --- [           main] tor$SharedEntityManagerInvocationHandler : Creating new EntityManager for shared EntityManager invocation
2025-09-30T02:24:19.076-04:00 DEBUG 25676 --- [           main] tor$SharedEntityManagerInvocationHandler : Creating new EntityManager for shared EntityManager invocation
2025-09-30T02:24:19.079-04:00 DEBUG 25676 --- [           main] tor$SharedEntityManagerInvocationHandler : Creating new EntityManager for shared EntityManager invocation
2025-09-30T02:24:19.083-04:00 DEBUG 25676 --- [           main] tor$SharedEntityManagerInvocationHandler : Creating new EntityManager for shared EntityManager invocation
2025-09-30T02:24:19.098-04:00 DEBUG 25676 --- [           main] tor$SharedEntityManagerInvocationHandler : Creating new EntityManager for shared EntityManager invocation
2025-09-30T02:24:19.099-04:00 DEBUG 25676 --- [           main] tor$SharedEntityManagerInvocationHandler : Creating new EntityManager for shared EntityManager invocation
2025-09-30T02:24:19.104-04:00 DEBUG 25676 --- [           main] tor$SharedEntityManagerInvocationHandler : Creating new EntityManager for shared EntityManager invocation
2025-09-30T02:24:19.108-04:00  WARN 25676 --- [           main] ConfigServletWebServerApplicationContext : Exception encountered during context initialization - cancelling refresh attempt: org.springframework.beans.factory.BeanCreationException: Error creating bean with name 'userGridPreferenceRepository' defined in com.example.SpringApi.Repository.UserGridPreferenceRepository defined in @EnableJpaRepositories declared on DatabaseConfig: Could not create query for public abstract com.example.SpringApi.Models.DatabaseModels.UserGridPreference com.example.SpringApi.Repository.UserGridPreferenceRepository.findUserGridPreferenceByUserIdAndGridId(long,int); Reason: Failed to create query for method public abstract com.example.SpringApi.Models.DatabaseModels.UserGridPreference com.example.SpringApi.Repository.UserGridPreferenceRepository.findUserGridPreferenceByUserIdAndGridId(long,int); No property 'gridId' found for type 'UserGridPreference'
2025-09-30T02:24:19.109-04:00  INFO 25676 --- [           main] j.LocalContainerEntityManagerFactoryBean : Closing JPA EntityManagerFactory for persistence unit 'default'
2025-09-30T02:24:19.110-04:00 TRACE 25676 --- [           main] o.h.type.spi.TypeConfiguration$Scope     : Handling #sessionFactoryClosed from [org.hibernate.internal.SessionFactoryImpl@6ad036d6] for TypeConfiguration
2025-09-30T02:24:19.110-04:00 DEBUG 25676 --- [           main] o.h.type.spi.TypeConfiguration$Scope     : Un-scoping TypeConfiguration [org.hibernate.type.spi.TypeConfiguration$Scope@7fdbb0ac] from SessionFactory [org.hibernate.internal.SessionFactoryImpl@6ad036d6]
2025-09-30T02:24:19.111-04:00  INFO 25676 --- [           main] com.zaxxer.hikari.HikariDataSource       : HikariPool-1 - Shutdown initiated...
2025-09-30T02:24:19.111-04:00 DEBUG 25676 --- [           main] com.zaxxer.hikari.pool.HikariPool        : HikariPool-1 - Before shutdown stats (total=10, active=0, idle=10, waiting=0)
2025-09-30T02:24:19.112-04:00 DEBUG 25676 --- [nnection closer] com.zaxxer.hikari.pool.PoolBase          : HikariPool-1 - Closing connection com.mysql.cj.jdbc.ConnectionImpl@1df32c09: (connection evicted)
2025-09-30T02:24:19.124-04:00 DEBUG 25676 --- [nnection closer] com.zaxxer.hikari.pool.PoolBase          : HikariPool-1 - Closing connection com.mysql.cj.jdbc.ConnectionImpl@28357ab7: (connection evicted)
2025-09-30T02:24:19.125-04:00 DEBUG 25676 --- [nnection closer] com.zaxxer.hikari.pool.PoolBase          : HikariPool-1 - Closing connection com.mysql.cj.jdbc.ConnectionImpl@6908708c: (connection evicted)
2025-09-30T02:24:19.125-04:00 DEBUG 25676 --- [nnection closer] com.zaxxer.hikari.pool.PoolBase          : HikariPool-1 - Closing connection com.mysql.cj.jdbc.ConnectionImpl@58abfee0: (connection evicted)
2025-09-30T02:24:19.125-04:00 DEBUG 25676 --- [nnection closer] com.zaxxer.hikari.pool.PoolBase          : HikariPool-1 - Closing connection com.mysql.cj.jdbc.ConnectionImpl@14cd4e2c: (connection evicted)
2025-09-30T02:24:19.125-04:00 DEBUG 25676 --- [nnection closer] com.zaxxer.hikari.pool.PoolBase          : HikariPool-1 - Closing connection com.mysql.cj.jdbc.ConnectionImpl@d69f24d: (connection evicted)
2025-09-30T02:24:19.126-04:00 DEBUG 25676 --- [nnection closer] com.zaxxer.hikari.pool.PoolBase          : HikariPool-1 - Closing connection com.mysql.cj.jdbc.ConnectionImpl@57ec3a8a: (connection evicted)
2025-09-30T02:24:19.126-04:00 DEBUG 25676 --- [nnection closer] com.zaxxer.hikari.pool.PoolBase          : HikariPool-1 - Closing connection com.mysql.cj.jdbc.ConnectionImpl@419f79e: (connection evicted)
2025-09-30T02:24:19.126-04:00 DEBUG 25676 --- [nnection closer] com.zaxxer.hikari.pool.PoolBase          : HikariPool-1 - Closing connection com.mysql.cj.jdbc.ConnectionImpl@1a9bf5ec: (connection evicted)
2025-09-30T02:24:19.126-04:00 DEBUG 25676 --- [nnection closer] com.zaxxer.hikari.pool.PoolBase          : HikariPool-1 - Closing connection com.mysql.cj.jdbc.ConnectionImpl@1363fd4c: (connection evicted)
2025-09-30T02:24:19.126-04:00 DEBUG 25676 --- [           main] com.zaxxer.hikari.pool.HikariPool        : HikariPool-1 - After shutdown stats (total=0, active=0, idle=0, waiting=0)
2025-09-30T02:24:19.126-04:00  INFO 25676 --- [           main] com.zaxxer.hikari.HikariDataSource       : HikariPool-1 - Shutdown completed.
2025-09-30T02:24:19.129-04:00  INFO 25676 --- [           main] o.apache.catalina.core.StandardService   : Stopping service [Tomcat]
2025-09-30T02:24:19.146-04:00  INFO 25676 --- [           main] .s.b.a.l.ConditionEvaluationReportLogger : 

Error starting ApplicationContext. To display the condition evaluation report re-run your application with 'debug' enabled.
2025-09-30T02:24:19.158-04:00 ERROR 25676 --- [           main] o.s.boot.SpringApplication               : Application run failed

org.springframework.beans.factory.BeanCreationException: Error creating bean with name 'userGridPreferenceRepository' defined in com.example.SpringApi.Repository.UserGridPreferenceRepository defined in @EnableJpaRepositories declared on DatabaseConfig: Could not create query for public abstract com.example.SpringApi.Models.DatabaseModels.UserGridPreference com.example.SpringApi.Repository.UserGridPreferenceRepository.findUserGridPreferenceByUserIdAndGridId(long,int); Reason: Failed to create query for method public abstract com.example.SpringApi.Models.DatabaseModels.UserGridPreference com.example.SpringApi.Repository.UserGridPreferenceRepository.findUserGridPreferenceByUserIdAndGridId(long,int); No property 'gridId' found for type 'UserGridPreference'
	at org.springframework.beans.factory.support.AbstractAutowireCapableBeanFactory.initializeBean(AbstractAutowireCapableBeanFactory.java:1773) ~[spring-beans-6.1.3.jar:6.1.3]
	at org.springframework.beans.factory.support.AbstractAutowireCapableBeanFactory.doCreateBean(AbstractAutowireCapableBeanFactory.java:599) ~[spring-beans-6.1.3.jar:6.1.3]
	at org.springframework.beans.factory.support.AbstractAutowireCapableBeanFactory.createBean(AbstractAutowireCapableBeanFactory.java:521) ~[spring-beans-6.1.3.jar:6.1.3]
	at org.springframework.beans.factory.support.AbstractBeanFactory.lambda$doGetBean$0(AbstractBeanFactory.java:325) ~[spring-beans-6.1.3.jar:6.1.3]
	at org.springframework.beans.factory.support.DefaultSingletonBeanRegistry.getSingleton(DefaultSingletonBeanRegistry.java:234) ~[spring-beans-6.1.3.jar:6.1.3]
	at org.springframework.beans.factory.support.AbstractBeanFactory.doGetBean(AbstractBeanFactory.java:323) ~[spring-beans-6.1.3.jar:6.1.3]
	at org.springframework.beans.factory.support.AbstractBeanFactory.getBean(AbstractBeanFactory.java:199) ~[spring-beans-6.1.3.jar:6.1.3]
	at org.springframework.beans.factory.support.DefaultListableBeanFactory.preInstantiateSingletons(DefaultListableBeanFactory.java:969) ~[spring-beans-6.1.3.jar:6.1.3]
	at org.springframework.context.support.AbstractApplicationContext.finishBeanFactoryInitialization(AbstractApplicationContext.java:959) ~[spring-context-6.1.3.jar:6.1.3]
	at org.springframework.context.support.AbstractApplicationContext.refresh(AbstractApplicationContext.java:624) ~[spring-context-6.1.3.jar:6.1.3]
	at org.springframework.boot.web.servlet.context.ServletWebServerApplicationContext.refresh(ServletWebServerApplicationContext.java:146) ~[spring-boot-3.2.2.jar:3.2.2]
	at org.springframework.boot.SpringApplication.refresh(SpringApplication.java:754) ~[spring-boot-3.2.2.jar:3.2.2]
	at org.springframework.boot.SpringApplication.refreshContext(SpringApplication.java:456) ~[spring-boot-3.2.2.jar:3.2.2]
	at org.springframework.boot.SpringApplication.run(SpringApplication.java:334) ~[spring-boot-3.2.2.jar:3.2.2]
	at org.springframework.boot.SpringApplication.run(SpringApplication.java:1354) ~[spring-boot-3.2.2.jar:3.2.2]
	at org.springframework.boot.SpringApplication.run(SpringApplication.java:1343) ~[spring-boot-3.2.2.jar:3.2.2]
	at com.example.SpringApi.SpringApiApplication.main(SpringApiApplication.java:43) ~[classes/:na]
Caused by: org.springframework.data.repository.query.QueryCreationException: Could not create query for public abstract com.example.SpringApi.Models.DatabaseModels.UserGridPreference com.example.SpringApi.Repository.UserGridPreferenceRepository.findUserGridPreferenceByUserIdAndGridId(long,int); Reason: Failed to create query for method public abstract com.example.SpringApi.Models.DatabaseModels.UserGridPreference com.example.SpringApi.Repository.UserGridPreferenceRepository.findUserGridPreferenceByUserIdAndGridId(long,int); No property 'gridId' found for type 'UserGridPreference'
	at org.springframework.data.repository.query.QueryCreationException.create(QueryCreationException.java:101) ~[spring-data-commons-3.2.2.jar:3.2.2]
	at org.springframework.data.repository.core.support.QueryExecutorMethodInterceptor.lookupQuery(QueryExecutorMethodInterceptor.java:115) ~[spring-data-commons-3.2.2.jar:3.2.2]
	at org.springframework.data.repository.core.support.QueryExecutorMethodInterceptor.mapMethodsToQuery(QueryExecutorMethodInterceptor.java:99) ~[spring-data-commons-3.2.2.jar:3.2.2]
	at org.springframework.data.repository.core.support.QueryExecutorMethodInterceptor.lambda$new$0(QueryExecutorMethodInterceptor.java:88) ~[spring-data-commons-3.2.2.jar:3.2.2]
	at java.base/java.util.Optional.map(Optional.java:260) ~[na:na]
	at org.springframework.data.repository.core.support.QueryExecutorMethodInterceptor.<init>(QueryExecutorMethodInterceptor.java:88) ~[spring-data-commons-3.2.2.jar:3.2.2]
	at org.springframework.data.repository.core.support.RepositoryFactorySupport.getRepository(RepositoryFactorySupport.java:357) ~[spring-data-commons-3.2.2.jar:3.2.2]
	at org.springframework.data.repository.core.support.RepositoryFactoryBeanSupport.lambda$afterPropertiesSet$5(RepositoryFactoryBeanSupport.java:279) ~[spring-data-commons-3.2.2.jar:3.2.2]
	at org.springframework.data.util.Lazy.getNullable(Lazy.java:135) ~[spring-data-commons-3.2.2.jar:3.2.2]
	at org.springframework.data.util.Lazy.get(Lazy.java:113) ~[spring-data-commons-3.2.2.jar:3.2.2]
	at org.springframework.data.repository.core.support.RepositoryFactoryBeanSupport.afterPropertiesSet(RepositoryFactoryBeanSupport.java:285) ~[spring-data-commons-3.2.2.jar:3.2.2]
	at org.springframework.data.jpa.repository.support.JpaRepositoryFactoryBean.afterPropertiesSet(JpaRepositoryFactoryBean.java:132) ~[spring-data-jpa-3.2.2.jar:3.2.2]
	at org.springframework.beans.factory.support.AbstractAutowireCapableBeanFactory.invokeInitMethods(AbstractAutowireCapableBeanFactory.java:1820) ~[spring-beans-6.1.3.jar:6.1.3]
	at org.springframework.beans.factory.support.AbstractAutowireCapableBeanFactory.initializeBean(AbstractAutowireCapableBeanFactory.java:1769) ~[spring-beans-6.1.3.jar:6.1.3]
	... 16 common frames omitted
Caused by: java.lang.IllegalArgumentException: Failed to create query for method public abstract com.example.SpringApi.Models.DatabaseModels.UserGridPreference com.example.SpringApi.Repository.UserGridPreferenceRepository.findUserGridPreferenceByUserIdAndGridId(long,int); No property 'gridId' found for type 'UserGridPreference'
	at org.springframework.data.jpa.repository.query.PartTreeJpaQuery.<init>(PartTreeJpaQuery.java:106) ~[spring-data-jpa-3.2.2.jar:3.2.2]
	at org.springframework.data.jpa.repository.query.JpaQueryLookupStrategy$CreateQueryLookupStrategy.resolveQuery(JpaQueryLookupStrategy.java:124) ~[spring-data-jpa-3.2.2.jar:3.2.2]
	at org.springframework.data.jpa.repository.query.JpaQueryLookupStrategy$CreateIfNotFoundQueryLookupStrategy.resolveQuery(JpaQueryLookupStrategy.java:258) ~[spring-data-jpa-3.2.2.jar:3.2.2]
	at org.springframework.data.jpa.repository.query.JpaQueryLookupStrategy$AbstractQueryLookupStrategy.resolveQuery(JpaQueryLookupStrategy.java:95) ~[spring-data-jpa-3.2.2.jar:3.2.2]
	at org.springframework.data.repository.core.support.QueryExecutorMethodInterceptor.lookupQuery(QueryExecutorMethodInterceptor.java:111) ~[spring-data-commons-3.2.2.jar:3.2.2]
	... 28 common frames omitted
Caused by: org.springframework.data.mapping.PropertyReferenceException: No property 'gridId' found for type 'UserGridPreference'
	at org.springframework.data.mapping.PropertyPath.<init>(PropertyPath.java:90) ~[spring-data-commons-3.2.2.jar:3.2.2]
	at org.springframework.data.mapping.PropertyPath.create(PropertyPath.java:443) ~[spring-data-commons-3.2.2.jar:3.2.2]
	at org.springframework.data.mapping.PropertyPath.create(PropertyPath.java:419) ~[spring-data-commons-3.2.2.jar:3.2.2]
	at org.springframework.data.mapping.PropertyPath.lambda$from$0(PropertyPath.java:372) ~[spring-data-commons-3.2.2.jar:3.2.2]
	at java.base/java.util.concurrent.ConcurrentMap.computeIfAbsent(ConcurrentMap.java:330) ~[na:na]
	at org.springframework.data.mapping.PropertyPath.from(PropertyPath.java:354) ~[spring-data-commons-3.2.2.jar:3.2.2]
	at org.springframework.data.mapping.PropertyPath.from(PropertyPath.java:332) ~[spring-data-commons-3.2.2.jar:3.2.2]
	at org.springframework.data.repository.query.parser.Part.<init>(Part.java:81) ~[spring-data-commons-3.2.2.jar:3.2.2]
	at org.springframework.data.repository.query.parser.PartTree$OrPart.lambda$new$0(PartTree.java:259) ~[spring-data-commons-3.2.2.jar:3.2.2]
	at java.base/java.util.stream.ReferencePipeline$3$1.accept(ReferencePipeline.java:197) ~[na:na]
	at java.base/java.util.stream.ReferencePipeline$2$1.accept(ReferencePipeline.java:179) ~[na:na]
	at java.base/java.util.Spliterators$ArraySpliterator.forEachRemaining(Spliterators.java:1024) ~[na:na]
	at java.base/java.util.stream.AbstractPipeline.copyInto(AbstractPipeline.java:509) ~[na:na]
	at java.base/java.util.stream.AbstractPipeline.wrapAndCopyInto(AbstractPipeline.java:499) ~[na:na]
	at java.base/java.util.stream.ReduceOps$ReduceOp.evaluateSequential(ReduceOps.java:921) ~[na:na]
	at java.base/java.util.stream.AbstractPipeline.evaluate(AbstractPipeline.java:234) ~[na:na]
	at java.base/java.util.stream.ReferencePipeline.collect(ReferencePipeline.java:682) ~[na:na]
	at org.springframework.data.repository.query.parser.PartTree$OrPart.<init>(PartTree.java:260) ~[spring-data-commons-3.2.2.jar:3.2.2]
	at org.springframework.data.repository.query.parser.PartTree$Predicate.lambda$new$0(PartTree.java:389) ~[spring-data-commons-3.2.2.jar:3.2.2]
	at java.base/java.util.stream.ReferencePipeline$3$1.accept(ReferencePipeline.java:197) ~[na:na]
	at java.base/java.util.stream.ReferencePipeline$2$1.accept(ReferencePipeline.java:179) ~[na:na]
	at java.base/java.util.Spliterators$ArraySpliterator.forEachRemaining(Spliterators.java:1024) ~[na:na]
	at java.base/java.util.stream.AbstractPipeline.copyInto(AbstractPipeline.java:509) ~[na:na]
	at java.base/java.util.stream.AbstractPipeline.wrapAndCopyInto(AbstractPipeline.java:499) ~[na:na]
	at java.base/java.util.stream.ReduceOps$ReduceOp.evaluateSequential(ReduceOps.java:921) ~[na:na]
	at java.base/java.util.stream.AbstractPipeline.evaluate(AbstractPipeline.java:234) ~[na:na]
	at java.base/java.util.stream.ReferencePipeline.collect(ReferencePipeline.java:682) ~[na:na]
	at org.springframework.data.repository.query.parser.PartTree$Predicate.<init>(PartTree.java:390) ~[spring-data-commons-3.2.2.jar:3.2.2]
	at org.springframework.data.repository.query.parser.PartTree.<init>(PartTree.java:103) ~[spring-data-commons-3.2.2.jar:3.2.2]
	at org.springframework.data.jpa.repository.query.PartTreeJpaQuery.<init>(PartTreeJpaQuery.java:100) ~[spring-data-jpa-3.2.2.jar:3.2.2]
	... 32 common frames omitted

[INFO] ------------------------------------------------------------------------
[INFO] BUILD FAILURE
[INFO] ------------------------------------------------------------------------
[INFO] Total time:  13.037 s
[INFO] Finished at: 2025-09-30T02:24:19-04:00
[INFO] ------------------------------------------------------------------------
[ERROR] Failed to execute goal org.springframework.boot:spring-boot-maven-plugin:3.2.2:run (default-cli) on project SpringApi: Process terminated with exit code: 1 -> [Help 1]
[ERROR] 
[ERROR] To see the full stack trace of the errors, re-run Maven with the -e switch.
[ERROR] Re-run Maven using the -X switch to enable full debug logging.
[ERROR] 
[ERROR] For more information about the errors and possible solutions, please read the following articles:
[ERROR] [Help 1] http://cwiki.apache.org/confluence/display/MAVEN/MojoExecutionException
